# JRE version: Java(TM) SE Runtime Environment (8.0_181-b13) (build 1.8.0_181-b13)
# Java VM: Java HotSpot(TM) 64-Bit Server VM (25.181-b13 mixed mode windows-amd64 compressed oops)
Heap:
 PSYoungGen      total 124928K, used 96311K [0x00000000eab00000, 0x00000000f3d00000, 0x0000000100000000)
  eden space 104448K, 78% used [0x00000000eab00000,0x00000000efb4fd98,0x00000000f1100000)
  from space 20480K, 68% used [0x00000000f2900000,0x00000000f36be050,0x00000000f3d00000)
  to   space 22528K, 0% used [0x00000000f1100000,0x00000000f1100000,0x00000000f2700000)
 ParOldGen       total 162816K, used 39889K [0x00000000c0000000, 0x00000000c9f00000, 0x00000000eab00000)
  object space 162816K, 24% used [0x00000000c0000000,0x00000000c26f4570,0x00000000c9f00000)
 Metaspace       used 66529K, capacity 69510K, committed 69656K, reserved 1110016K
  class space    used 8800K, capacity 9463K, committed 9520K, reserved 1048576K
GC Heap History (10 events):
Event: 15.388 GC heap before
{Heap before GC invocations=17 (full 3):
 PSYoungGen      total 117760K, used 98304K [0x00000000eab00000, 0x00000000f4e00000, 0x0000000100000000)
  eden space 98304K, 100% used [0x00000000eab00000,0x00000000f0b00000,0x00000000f0b00000)
  from space 19456K, 0% used [0x00000000f0b00000,0x00000000f0b00000,0x00000000f1e00000)
  to   space 23040K, 0% used [0x00000000f3780000,0x00000000f3780000,0x00000000f4e00000)
 ParOldGen       total 162816K, used 39849K [0x00000000c0000000, 0x00000000c9f00000, 0x00000000eab00000)
  object space 162816K, 24% used [0x00000000c0000000,0x00000000c26ea570,0x00000000c9f00000)
 Metaspace       used 60206K, capacity 62032K, committed 62104K, reserved 1101824K
  class space    used 8344K, capacity 8858K, committed 8880K, reserved 1048576K
Event: 15.400 GC heap after
Heap after GC invocations=17 (full 3):
 PSYoungGen      total 129536K, used 8135K [0x00000000eab00000, 0x00000000f4680000, 0x0000000100000000)
  eden space 114176K, 0% used [0x00000000eab00000,0x00000000eab00000,0x00000000f1a80000)
  from space 15360K, 52% used [0x00000000f3780000,0x00000000f3f71d50,0x00000000f4680000)
  to   space 22528K, 0% used [0x00000000f1a80000,0x00000000f1a80000,0x00000000f3080000)
 ParOldGen       total 162816K, used 39857K [0x00000000c0000000, 0x00000000c9f00000, 0x00000000eab00000)
  object space 162816K, 24% used [0x00000000c0000000,0x00000000c26ec570,0x00000000c9f00000)
 Metaspace       used 60206K, capacity 62032K, committed 62104K, reserved 1101824K
  class space    used 8344K, capacity 8858K, committed 8880K, reserved 1048576K
}
Event: 939.366 GC heap before
{Heap before GC invocations=18 (full 3):
 PSYoungGen      total 129536K, used 122311K [0x00000000eab00000, 0x00000000f4680000, 0x0000000100000000)
  eden space 114176K, 100% used [0x00000000eab00000,0x00000000f1a80000,0x00000000f1a80000)
  from space 15360K, 52% used [0x00000000f3780000,0x00000000f3f71d50,0x00000000f4680000)
  to   space 22528K, 0% used [0x00000000f1a80000,0x00000000f1a80000,0x00000000f3080000)
 ParOldGen       total 162816K, used 39857K [0x00000000c0000000, 0x00000000c9f00000, 0x00000000eab00000)
  object space 162816K, 24% used [0x00000000c0000000,0x00000000c26ec570,0x00000000c9f00000)
 Metaspace       used 64362K, capacity 66346K, committed 66584K, reserved 1105920K
  class space    used 8633K, capacity 9177K, committed 9264K, reserved 1048576K
Event: 939.380 GC heap after
Heap after GC invocations=18 (full 3):
 PSYoungGen      total 128000K, used 16133K [0x00000000eab00000, 0x00000000f4600000, 0x0000000100000000)
  eden space 111616K, 0% used [0x00000000eab00000,0x00000000eab00000,0x00000000f1800000)
  from space 16384K, 98% used [0x00000000f1a80000,0x00000000f2a414a8,0x00000000f2a80000)
  to   space 23552K, 0% used [0x00000000f2f00000,0x00000000f2f00000,0x00000000f4600000)
 ParOldGen       total 162816K, used 39865K [0x00000000c0000000, 0x00000000c9f00000, 0x00000000eab00000)
  object space 162816K, 24% used [0x00000000c0000000,0x00000000c26ee570,0x00000000c9f00000)
 Metaspace       used 64362K, capacity 66346K, committed 66584K, reserved 1105920K
  class space    used 8633K, capacity 9177K, committed 9264K, reserved 1048576K
}
Event: 1662.892 GC heap before
{Heap before GC invocations=19 (full 3):
 PSYoungGen      total 128000K, used 127749K [0x00000000eab00000, 0x00000000f4600000, 0x0000000100000000)
  eden space 111616K, 100% used [0x00000000eab00000,0x00000000f1800000,0x00000000f1800000)
  from space 16384K, 98% used [0x00000000f1a80000,0x00000000f2a414a8,0x00000000f2a80000)
  to   space 23552K, 0% used [0x00000000f2f00000,0x00000000f2f00000,0x00000000f4600000)
 ParOldGen       total 162816K, used 39865K [0x00000000c0000000, 0x00000000c9f00000, 0x00000000eab00000)
  object space 162816K, 24% used [0x00000000c0000000,0x00000000c26ee570,0x00000000c9f00000)
 Metaspace       used 65189K, capacity 67638K, committed 67992K, reserved 1107968K
  class space    used 8693K, capacity 9281K, committed 9392K, reserved 1048576K
Event: 1662.908 GC heap after
Heap after GC invocations=19 (full 3):
 PSYoungGen      total 128000K, used 8360K [0x00000000eab00000, 0x00000000f4180000, 0x0000000100000000)
  eden space 109056K, 0% used [0x00000000eab00000,0x00000000eab00000,0x00000000f1580000)
  from space 18944K, 44% used [0x00000000f2f00000,0x00000000f372a040,0x00000000f4180000)
  to   space 22528K, 0% used [0x00000000f1580000,0x00000000f1580000,0x00000000f2b80000)
 ParOldGen       total 162816K, used 39873K [0x00000000c0000000, 0x00000000c9f00000, 0x00000000eab00000)
  object space 162816K, 24% used [0x00000000c0000000,0x00000000c26f0570,0x00000000c9f00000)
 Metaspace       used 65189K, capacity 67638K, committed 67992K, reserved 1107968K
  class space    used 8693K, capacity 9281K, committed 9392K, reserved 1048576K
}
Event: 1745.033 GC heap before
{Heap before GC invocations=20 (full 3):
 PSYoungGen      total 128000K, used 117416K [0x00000000eab00000, 0x00000000f4180000, 0x0000000100000000)
  eden space 109056K, 100% used [0x00000000eab00000,0x00000000f1580000,0x00000000f1580000)
  from space 18944K, 44% used [0x00000000f2f00000,0x00000000f372a040,0x00000000f4180000)
  to   space 22528K, 0% used [0x00000000f1580000,0x00000000f1580000,0x00000000f2b80000)
 ParOldGen       total 162816K, used 39873K [0x00000000c0000000, 0x00000000c9f00000, 0x00000000eab00000)
  object space 162816K, 24% used [0x00000000c0000000,0x00000000c26f0570,0x00000000c9f00000)
 Metaspace       used 65704K, capacity 68290K, committed 68504K, reserved 1107968K
  class space    used 8724K, capacity 9335K, committed 9392K, reserved 1048576K
Event: 1745.052 GC heap after
Heap after GC invocations=20 (full 3):
 PSYoungGen      total 119808K, used 13192K [0x00000000eab00000, 0x00000000f3f00000, 0x0000000100000000)
  eden space 106496K, 0% used [0x00000000eab00000,0x00000000eab00000,0x00000000f1300000)
  from space 13312K, 99% used [0x00000000f1580000,0x00000000f2262040,0x00000000f2280000)
  to   space 22528K, 0% used [0x00000000f2900000,0x00000000f2900000,0x00000000f3f00000)
 ParOldGen       total 162816K, used 39881K [0x00000000c0000000, 0x00000000c9f00000, 0x00000000eab00000)
  object space 162816K, 24% used [0x00000000c0000000,0x00000000c26f2570,0x00000000c9f00000)
 Metaspace       used 65704K, capacity 68290K, committed 68504K, reserved 1107968K
  class space    used 8724K, capacity 9335K, committed 9392K, reserved 1048576K
}
Event: 2003.592 GC heap before
{Heap before GC invocations=21 (full 3):
 PSYoungGen      total 119808K, used 119688K [0x00000000eab00000, 0x00000000f3f00000, 0x0000000100000000)
  eden space 106496K, 100% used [0x00000000eab00000,0x00000000f1300000,0x00000000f1300000)
  from space 13312K, 99% used [0x00000000f1580000,0x00000000f2262040,0x00000000f2280000)
  to   space 22528K, 0% used [0x00000000f2900000,0x00000000f2900000,0x00000000f3f00000)
 ParOldGen       total 162816K, used 39881K [0x00000000c0000000, 0x00000000c9f00000, 0x00000000eab00000)
  object space 162816K, 24% used [0x00000000c0000000,0x00000000c26f2570,0x00000000c9f00000)
 Metaspace       used 66318K, capacity 69348K, committed 69656K, reserved 1110016K
  class space    used 8794K, capacity 9458K, committed 9520K, reserved 1048576K
Event: 2003.611 GC heap after
Heap after GC invocations=21 (full 3):
 PSYoungGen      total 124928K, used 14072K [0x00000000eab00000, 0x00000000f3d00000, 0x0000000100000000)
  eden space 104448K, 0% used [0x00000000eab00000,0x00000000eab00000,0x00000000f1100000)
  from space 20480K, 68% used [0x00000000f2900000,0x00000000f36be050,0x00000000f3d00000)
  to   space 22528K, 0% used [0x00000000f1100000,0x00000000f1100000,0x00000000f2700000)
 ParOldGen       total 162816K, used 39889K [0x00000000c0000000, 0x00000000c9f00000, 0x00000000eab00000)
  object space 162816K, 24% used [0x00000000c0000000,0x00000000c26f4570,0x00000000c9f00000)
 Metaspace       used 66318K, capacity 69348K, committed 69656K, reserved 1110016K
  class space    used 8794K, capacity 9458K, committed 9520K, reserved 1048576K
}

