# JRE version: Java(TM) SE Runtime Environment (8.0_181-b13) (build 1.8.0_181-b13)
# Java VM: Java HotSpot(TM) 64-Bit Server VM (25.181-b13 mixed mode windows-amd64 compressed oops)
Heap:
 PSYoungGen      total 155136K, used 31363K [0x00000000eab00000, 0x00000000f9000000, 0x0000000100000000)
  eden space 104448K, 6% used [0x00000000eab00000,0x00000000eb21e170,0x00000000f1100000)
  from space 50688K, 47% used [0x00000000f1100000,0x00000000f2882b68,0x00000000f4280000)
  to   space 58880K, 0% used [0x00000000f5680000,0x00000000f5680000,0x00000000f9000000)
 ParOldGen       total 158208K, used 57871K [0x00000000c0000000, 0x00000000c9a80000, 0x00000000eab00000)
  object space 158208K, 36% used [0x00000000c0000000,0x00000000c3883d78,0x00000000c9a80000)
 Metaspace       used 94825K, capacity 99227K, committed 99864K, reserved 1136640K
  class space    used 12192K, capacity 13102K, committed 13360K, reserved 1048576K
GC Heap History (10 events):
Event: 4417.962 GC heap before
{Heap before GC invocations=27 (full 3):
 PSYoungGen      total 151552K, used 146078K [0x00000000eab00000, 0x00000000f6d00000, 0x0000000100000000)
  eden space 111616K, 100% used [0x00000000eab00000,0x00000000f1800000,0x00000000f1800000)
  from space 39936K, 86% used [0x00000000f1a80000,0x00000000f3c27a58,0x00000000f4180000)
  to   space 43520K, 0% used [0x00000000f4280000,0x00000000f4280000,0x00000000f6d00000)
 ParOldGen       total 158208K, used 58019K [0x00000000c0000000, 0x00000000c9a80000, 0x00000000eab00000)
  object space 158208K, 36% used [0x00000000c0000000,0x00000000c38a8f98,0x00000000c9a80000)
 Metaspace       used 85960K, capacity 90159K, committed 90520K, reserved 1128448K
  class space    used 11095K, capacity 12098K, committed 12208K, reserved 1048576K
Event: 4418.036 GC heap after
Heap after GC invocations=27 (full 3):
 PSYoungGen      total 147968K, used 43514K [0x00000000eab00000, 0x00000000f7880000, 0x0000000100000000)
  eden space 104448K, 0% used [0x00000000eab00000,0x00000000eab00000,0x00000000f1100000)
  from space 43520K, 99% used [0x00000000f4280000,0x00000000f6cfe8b0,0x00000000f6d00000)
  to   space 50688K, 0% used [0x00000000f1100000,0x00000000f1100000,0x00000000f4280000)
 ParOldGen       total 158208K, used 59826K [0x00000000c0000000, 0x00000000c9a80000, 0x00000000eab00000)
  object space 158208K, 37% used [0x00000000c0000000,0x00000000c3a6c9e0,0x00000000c9a80000)
 Metaspace       used 85960K, capacity 90159K, committed 90520K, reserved 1128448K
  class space    used 11095K, capacity 12098K, committed 12208K, reserved 1048576K
}
Event: 4424.154 GC heap before
{Heap before GC invocations=28 (full 3):
 PSYoungGen      total 147968K, used 147962K [0x00000000eab00000, 0x00000000f7880000, 0x0000000100000000)
  eden space 104448K, 100% used [0x00000000eab00000,0x00000000f1100000,0x00000000f1100000)
  from space 43520K, 99% used [0x00000000f4280000,0x00000000f6cfe8b0,0x00000000f6d00000)
  to   space 50688K, 0% used [0x00000000f1100000,0x00000000f1100000,0x00000000f4280000)
 ParOldGen       total 158208K, used 59826K [0x00000000c0000000, 0x00000000c9a80000, 0x00000000eab00000)
  object space 158208K, 37% used [0x00000000c0000000,0x00000000c3a6c9e0,0x00000000c9a80000)
 Metaspace       used 92045K, capacity 96619K, committed 96664K, reserved 1132544K
  class space    used 11933K, capacity 12972K, committed 12976K, reserved 1048576K
Event: 4424.196 GC heap after
Heap after GC invocations=28 (full 3):
 PSYoungGen      total 155136K, used 50687K [0x00000000eab00000, 0x00000000f7880000, 0x0000000100000000)
  eden space 104448K, 0% used [0x00000000eab00000,0x00000000eab00000,0x00000000f1100000)
  from space 50688K, 99% used [0x00000000f1100000,0x00000000f427fcc8,0x00000000f4280000)
  to   space 43520K, 0% used [0x00000000f4280000,0x00000000f4280000,0x00000000f6d00000)
 ParOldGen       total 158208K, used 61487K [0x00000000c0000000, 0x00000000c9a80000, 0x00000000eab00000)
  object space 158208K, 38% used [0x00000000c0000000,0x00000000c3c0bd20,0x00000000c9a80000)
 Metaspace       used 92045K, capacity 96619K, committed 96664K, reserved 1132544K
  class space    used 11933K, capacity 12972K, committed 12976K, reserved 1048576K
}
Event: 4424.834 GC heap before
{Heap before GC invocations=29 (full 3):
 PSYoungGen      total 155136K, used 69637K [0x00000000eab00000, 0x00000000f7880000, 0x0000000100000000)
  eden space 104448K, 18% used [0x00000000eab00000,0x00000000ebd81980,0x00000000f1100000)
  from space 50688K, 99% used [0x00000000f1100000,0x00000000f427fcc8,0x00000000f4280000)
  to   space 43520K, 0% used [0x00000000f4280000,0x00000000f4280000,0x00000000f6d00000)
 ParOldGen       total 158208K, used 61487K [0x00000000c0000000, 0x00000000c9a80000, 0x00000000eab00000)
  object space 158208K, 38% used [0x00000000c0000000,0x00000000c3c0bd20,0x00000000c9a80000)
 Metaspace       used 93739K, capacity 98459K, committed 98584K, reserved 1134592K
  class space    used 12141K, capacity 13248K, committed 13360K, reserved 1048576K
Event: 4424.885 GC heap after
Heap after GC invocations=29 (full 3):
 PSYoungGen      total 147968K, used 42219K [0x00000000eab00000, 0x00000000f7880000, 0x0000000100000000)
  eden space 104448K, 0% used [0x00000000eab00000,0x00000000eab00000,0x00000000f1100000)
  from space 43520K, 97% used [0x00000000f4280000,0x00000000f6bbad70,0x00000000f6d00000)
  to   space 50688K, 0% used [0x00000000f1100000,0x00000000f1100000,0x00000000f4280000)
 ParOldGen       total 158208K, used 61679K [0x00000000c0000000, 0x00000000c9a80000, 0x00000000eab00000)
  object space 158208K, 38% used [0x00000000c0000000,0x00000000c3c3bd20,0x00000000c9a80000)
 Metaspace       used 93739K, capacity 98459K, committed 98584K, reserved 1134592K
  class space    used 12141K, capacity 13248K, committed 13360K, reserved 1048576K
}
Event: 4424.885 GC heap before
{Heap before GC invocations=30 (full 4):
 PSYoungGen      total 147968K, used 42219K [0x00000000eab00000, 0x00000000f7880000, 0x0000000100000000)
  eden space 104448K, 0% used [0x00000000eab00000,0x00000000eab00000,0x00000000f1100000)
  from space 43520K, 97% used [0x00000000f4280000,0x00000000f6bbad70,0x00000000f6d00000)
  to   space 50688K, 0% used [0x00000000f1100000,0x00000000f1100000,0x00000000f4280000)
 ParOldGen       total 158208K, used 61679K [0x00000000c0000000, 0x00000000c9a80000, 0x00000000eab00000)
  object space 158208K, 38% used [0x00000000c0000000,0x00000000c3c3bd20,0x00000000c9a80000)
 Metaspace       used 93739K, capacity 98459K, committed 98584K, reserved 1134592K
  class space    used 12141K, capacity 13248K, committed 13360K, reserved 1048576K
Event: 4425.181 GC heap after
Heap after GC invocations=30 (full 4):
 PSYoungGen      total 147968K, used 0K [0x00000000eab00000, 0x00000000f7880000, 0x0000000100000000)
  eden space 104448K, 0% used [0x00000000eab00000,0x00000000eab00000,0x00000000f1100000)
  from space 43520K, 0% used [0x00000000f4280000,0x00000000f4280000,0x00000000f6d00000)
  to   space 50688K, 0% used [0x00000000f1100000,0x00000000f1100000,0x00000000f4280000)
 ParOldGen       total 158208K, used 57863K [0x00000000c0000000, 0x00000000c9a80000, 0x00000000eab00000)
  object space 158208K, 36% used [0x00000000c0000000,0x00000000c3881d78,0x00000000c9a80000)
 Metaspace       used 93044K, capacity 96985K, committed 98584K, reserved 1134592K
  class space    used 11962K, capacity 12833K, committed 13360K, reserved 1048576K
}
Event: 4431.544 GC heap before
{Heap before GC invocations=31 (full 4):
 PSYoungGen      total 147968K, used 104448K [0x00000000eab00000, 0x00000000f7880000, 0x0000000100000000)
  eden space 104448K, 100% used [0x00000000eab00000,0x00000000f1100000,0x00000000f1100000)
  from space 43520K, 0% used [0x00000000f4280000,0x00000000f4280000,0x00000000f6d00000)
  to   space 50688K, 0% used [0x00000000f1100000,0x00000000f1100000,0x00000000f4280000)
 ParOldGen       total 158208K, used 57863K [0x00000000c0000000, 0x00000000c9a80000, 0x00000000eab00000)
  object space 158208K, 36% used [0x00000000c0000000,0x00000000c3881d78,0x00000000c9a80000)
 Metaspace       used 94756K, capacity 99145K, committed 99864K, reserved 1136640K
  class space    used 12192K, capacity 13101K, committed 13360K, reserved 1048576K
Event: 4431.575 GC heap after
Heap after GC invocations=31 (full 4):
 PSYoungGen      total 155136K, used 24074K [0x00000000eab00000, 0x00000000f9000000, 0x0000000100000000)
  eden space 104448K, 0% used [0x00000000eab00000,0x00000000eab00000,0x00000000f1100000)
  from space 50688K, 47% used [0x00000000f1100000,0x00000000f2882b68,0x00000000f4280000)
  to   space 58880K, 0% used [0x00000000f5680000,0x00000000f5680000,0x00000000f9000000)
 ParOldGen       total 158208K, used 57871K [0x00000000c0000000, 0x00000000c9a80000, 0x00000000eab00000)
  object space 158208K, 36% used [0x00000000c0000000,0x00000000c3883d78,0x00000000c9a80000)
 Metaspace       used 94756K, capacity 99145K, committed 99864K, reserved 1136640K
  class space    used 12192K, capacity 13101K, committed 13360K, reserved 1048576K
}

