# JRE version: Java(TM) SE Runtime Environment (8.0_181-b13) (build 1.8.0_181-b13)
# Java VM: Java HotSpot(TM) 64-Bit Server VM (25.181-b13 mixed mode windows-amd64 compressed oops)
Heap:
 PSYoungGen      total 160768K, used 134106K [0x00000000eab00000, 0x00000000f6400000, 0x0000000100000000)
  eden space 151040K, 82% used [0x00000000eab00000,0x00000000f24a0278,0x00000000f3e80000)
  from space 9728K, 98% used [0x00000000f5a80000,0x00000000f63d68a0,0x00000000f6400000)
  to   space 16896K, 0% used [0x00000000f4300000,0x00000000f4300000,0x00000000f5380000)
 ParOldGen       total 147456K, used 36564K [0x00000000c0000000, 0x00000000c9000000, 0x00000000eab00000)
  object space 147456K, 24% used [0x00000000c0000000,0x00000000c23b5098,0x00000000c9000000)
 Metaspace       used 64714K, capacity 66803K, committed 67096K, reserved 1107968K
  class space    used 8645K, capacity 9208K, committed 9264K, reserved 1048576K
GC Heap History (10 events):
Event: 11.608 GC heap before
{Heap before GC invocations=13 (full 2):
 PSYoungGen      total 112640K, used 112627K [0x00000000eab00000, 0x00000000f2b80000, 0x0000000100000000)
  eden space 100864K, 100% used [0x00000000eab00000,0x00000000f0d80000,0x00000000f0d80000)
  from space 11776K, 99% used [0x00000000f2000000,0x00000000f2b7cd80,0x00000000f2b80000)
  to   space 13312K, 0% used [0x00000000f1180000,0x00000000f1180000,0x00000000f1e80000)
 ParOldGen       total 95232K, used 16801K [0x00000000c0000000, 0x00000000c5d00000, 0x00000000eab00000)
  object space 95232K, 17% used [0x00000000c0000000,0x00000000c10687c8,0x00000000c5d00000)
 Metaspace       used 50766K, capacity 51908K, committed 52272K, reserved 1093632K
  class space    used 7013K, capacity 7350K, committed 7472K, reserved 1048576K
Event: 11.629 GC heap after
Heap after GC invocations=13 (full 2):
 PSYoungGen      total 118272K, used 13305K [0x00000000eab00000, 0x00000000f4700000, 0x0000000100000000)
  eden space 104960K, 0% used [0x00000000eab00000,0x00000000eab00000,0x00000000f1180000)
  from space 13312K, 99% used [0x00000000f1180000,0x00000000f1e7e4a0,0x00000000f1e80000)
  to   space 16384K, 0% used [0x00000000f3700000,0x00000000f3700000,0x00000000f4700000)
 ParOldGen       total 95232K, used 20728K [0x00000000c0000000, 0x00000000c5d00000, 0x00000000eab00000)
  object space 95232K, 21% used [0x00000000c0000000,0x00000000c143e1a8,0x00000000c5d00000)
 Metaspace       used 50766K, capacity 51908K, committed 52272K, reserved 1093632K
  class space    used 7013K, capacity 7350K, committed 7472K, reserved 1048576K
}
Event: 13.671 GC heap before
{Heap before GC invocations=14 (full 2):
 PSYoungGen      total 118272K, used 118265K [0x00000000eab00000, 0x00000000f4700000, 0x0000000100000000)
  eden space 104960K, 100% used [0x00000000eab00000,0x00000000f1180000,0x00000000f1180000)
  from space 13312K, 99% used [0x00000000f1180000,0x00000000f1e7e4a0,0x00000000f1e80000)
  to   space 16384K, 0% used [0x00000000f3700000,0x00000000f3700000,0x00000000f4700000)
 ParOldGen       total 95232K, used 20728K [0x00000000c0000000, 0x00000000c5d00000, 0x00000000eab00000)
  object space 95232K, 21% used [0x00000000c0000000,0x00000000c143e1a8,0x00000000c5d00000)
 Metaspace       used 56236K, capacity 57814K, committed 58032K, reserved 1099776K
  class space    used 7840K, capacity 8285K, committed 8368K, reserved 1048576K
Event: 13.699 GC heap after
Heap after GC invocations=14 (full 2):
 PSYoungGen      total 142336K, used 13508K [0x00000000eab00000, 0x00000000f4d80000, 0x0000000100000000)
  eden space 125952K, 0% used [0x00000000eab00000,0x00000000eab00000,0x00000000f2600000)
  from space 16384K, 82% used [0x00000000f3700000,0x00000000f44311d0,0x00000000f4700000)
  to   space 17408K, 0% used [0x00000000f2600000,0x00000000f2600000,0x00000000f3700000)
 ParOldGen       total 95232K, used 32587K [0x00000000c0000000, 0x00000000c5d00000, 0x00000000eab00000)
  object space 95232K, 34% used [0x00000000c0000000,0x00000000c1fd2d00,0x00000000c5d00000)
 Metaspace       used 56236K, capacity 57814K, committed 58032K, reserved 1099776K
  class space    used 7840K, capacity 8285K, committed 8368K, reserved 1048576K
}
Event: 14.020 GC heap before
{Heap before GC invocations=15 (full 2):
 PSYoungGen      total 142336K, used 35880K [0x00000000eab00000, 0x00000000f4d80000, 0x0000000100000000)
  eden space 125952K, 17% used [0x00000000eab00000,0x00000000ec0d8f98,0x00000000f2600000)
  from space 16384K, 82% used [0x00000000f3700000,0x00000000f44311d0,0x00000000f4700000)
  to   space 17408K, 0% used [0x00000000f2600000,0x00000000f2600000,0x00000000f3700000)
 ParOldGen       total 95232K, used 32587K [0x00000000c0000000, 0x00000000c5d00000, 0x00000000eab00000)
  object space 95232K, 34% used [0x00000000c0000000,0x00000000c1fd2d00,0x00000000c5d00000)
 Metaspace       used 57421K, capacity 59109K, committed 59160K, reserved 1099776K
  class space    used 8015K, capacity 8496K, committed 8496K, reserved 1048576K
Event: 14.030 GC heap after
Heap after GC invocations=15 (full 2):
 PSYoungGen      total 143360K, used 11200K [0x00000000eab00000, 0x00000000f6b80000, 0x0000000100000000)
  eden space 125952K, 0% used [0x00000000eab00000,0x00000000eab00000,0x00000000f2600000)
  from space 17408K, 64% used [0x00000000f2600000,0x00000000f30f0020,0x00000000f3700000)
  to   space 17408K, 0% used [0x00000000f5a80000,0x00000000f5a80000,0x00000000f6b80000)
 ParOldGen       total 95232K, used 32595K [0x00000000c0000000, 0x00000000c5d00000, 0x00000000eab00000)
  object space 95232K, 34% used [0x00000000c0000000,0x00000000c1fd4d00,0x00000000c5d00000)
 Metaspace       used 57421K, capacity 59109K, committed 59160K, reserved 1099776K
  class space    used 8015K, capacity 8496K, committed 8496K, reserved 1048576K
}
Event: 14.030 GC heap before
{Heap before GC invocations=16 (full 3):
 PSYoungGen      total 143360K, used 11200K [0x00000000eab00000, 0x00000000f6b80000, 0x0000000100000000)
  eden space 125952K, 0% used [0x00000000eab00000,0x00000000eab00000,0x00000000f2600000)
  from space 17408K, 64% used [0x00000000f2600000,0x00000000f30f0020,0x00000000f3700000)
  to   space 17408K, 0% used [0x00000000f5a80000,0x00000000f5a80000,0x00000000f6b80000)
 ParOldGen       total 95232K, used 32595K [0x00000000c0000000, 0x00000000c5d00000, 0x00000000eab00000)
  object space 95232K, 34% used [0x00000000c0000000,0x00000000c1fd4d00,0x00000000c5d00000)
 Metaspace       used 57421K, capacity 59109K, committed 59160K, reserved 1099776K
  class space    used 8015K, capacity 8496K, committed 8496K, reserved 1048576K
Event: 14.332 GC heap after
Heap after GC invocations=16 (full 3):
 PSYoungGen      total 143360K, used 0K [0x00000000eab00000, 0x00000000f6b80000, 0x0000000100000000)
  eden space 125952K, 0% used [0x00000000eab00000,0x00000000eab00000,0x00000000f2600000)
  from space 17408K, 0% used [0x00000000f2600000,0x00000000f2600000,0x00000000f3700000)
  to   space 17408K, 0% used [0x00000000f5a80000,0x00000000f5a80000,0x00000000f6b80000)
 ParOldGen       total 147456K, used 36556K [0x00000000c0000000, 0x00000000c9000000, 0x00000000eab00000)
  object space 147456K, 24% used [0x00000000c0000000,0x00000000c23b3098,0x00000000c9000000)
 Metaspace       used 57421K, capacity 59109K, committed 59160K, reserved 1099776K
  class space    used 8015K, capacity 8496K, committed 8496K, reserved 1048576K
}
Event: 52.684 GC heap before
{Heap before GC invocations=17 (full 3):
 PSYoungGen      total 143360K, used 125952K [0x00000000eab00000, 0x00000000f6b80000, 0x0000000100000000)
  eden space 125952K, 100% used [0x00000000eab00000,0x00000000f2600000,0x00000000f2600000)
  from space 17408K, 0% used [0x00000000f2600000,0x00000000f2600000,0x00000000f3700000)
  to   space 17408K, 0% used [0x00000000f5a80000,0x00000000f5a80000,0x00000000f6b80000)
 ParOldGen       total 147456K, used 36556K [0x00000000c0000000, 0x00000000c9000000, 0x00000000eab00000)
  object space 147456K, 24% used [0x00000000c0000000,0x00000000c23b3098,0x00000000c9000000)
 Metaspace       used 62102K, capacity 64037K, committed 64152K, reserved 1103872K
  class space    used 8513K, capacity 9047K, committed 9136K, reserved 1048576K
Event: 52.694 GC heap after
Heap after GC invocations=17 (full 3):
 PSYoungGen      total 160768K, used 9562K [0x00000000eab00000, 0x00000000f6400000, 0x0000000100000000)
  eden space 151040K, 0% used [0x00000000eab00000,0x00000000eab00000,0x00000000f3e80000)
  from space 9728K, 98% used [0x00000000f5a80000,0x00000000f63d68a0,0x00000000f6400000)
  to   space 16896K, 0% used [0x00000000f4300000,0x00000000f4300000,0x00000000f5380000)
 ParOldGen       total 147456K, used 36564K [0x00000000c0000000, 0x00000000c9000000, 0x00000000eab00000)
  object space 147456K, 24% used [0x00000000c0000000,0x00000000c23b5098,0x00000000c9000000)
 Metaspace       used 62102K, capacity 64037K, committed 64152K, reserved 1103872K
  class space    used 8513K, capacity 9047K, committed 9136K, reserved 1048576K
}

