# JRE version: Java(TM) SE Runtime Environment (8.0_181-b13) (build 1.8.0_181-b13)
# Java VM: Java HotSpot(TM) 64-Bit Server VM (25.181-b13 mixed mode windows-amd64 compressed oops)
Heap:
 PSYoungGen      total 162816K, used 84690K [0x00000000eab00000, 0x00000000f8200000, 0x0000000100000000)
  eden space 142848K, 55% used [0x00000000eab00000,0x00000000ef7e5f38,0x00000000f3680000)
  from space 19968K, 29% used [0x00000000f3680000,0x00000000f3c4eca8,0x00000000f4a00000)
  to   space 19968K, 0% used [0x00000000f6e80000,0x00000000f6e80000,0x00000000f8200000)
 ParOldGen       total 135168K, used 43906K [0x00000000c0000000, 0x00000000c8400000, 0x00000000eab00000)
  object space 135168K, 32% used [0x00000000c0000000,0x00000000c2ae0b08,0x00000000c8400000)
 Metaspace       used 65161K, capacity 67632K, committed 67992K, reserved 1107968K
  class space    used 8687K, capacity 9280K, committed 9392K, reserved 1048576K
GC Heap History (10 events):
Event: 15.059 GC heap before
{Heap before GC invocations=16 (full 2):
 PSYoungGen      total 95232K, used 95227K [0x00000000eab00000, 0x00000000f3300000, 0x0000000100000000)
  eden space 81408K, 100% used [0x00000000eab00000,0x00000000efa80000,0x00000000efa80000)
  from space 13824K, 99% used [0x00000000efa80000,0x00000000f07fec88,0x00000000f0800000)
  to   space 17408K, 0% used [0x00000000f2200000,0x00000000f2200000,0x00000000f3300000)
 ParOldGen       total 97792K, used 22111K [0x00000000c0000000, 0x00000000c5f80000, 0x00000000eab00000)
  object space 97792K, 22% used [0x00000000c0000000,0x00000000c1597ed8,0x00000000c5f80000)
 Metaspace       used 56757K, capacity 58344K, committed 58672K, reserved 1099776K
  class space    used 7914K, capacity 8390K, committed 8496K, reserved 1048576K
Event: 15.083 GC heap after
Heap after GC invocations=16 (full 2):
 PSYoungGen      total 117248K, used 17407K [0x00000000eab00000, 0x00000000f3d00000, 0x0000000100000000)
  eden space 99840K, 0% used [0x00000000eab00000,0x00000000eab00000,0x00000000f0c80000)
  from space 17408K, 99% used [0x00000000f2200000,0x00000000f32ffe88,0x00000000f3300000)
  to   space 22016K, 0% used [0x00000000f0c80000,0x00000000f0c80000,0x00000000f2200000)
 ParOldGen       total 97792K, used 28605K [0x00000000c0000000, 0x00000000c5f80000, 0x00000000eab00000)
  object space 97792K, 29% used [0x00000000c0000000,0x00000000c1bef4b0,0x00000000c5f80000)
 Metaspace       used 56757K, capacity 58344K, committed 58672K, reserved 1099776K
  class space    used 7914K, capacity 8390K, committed 8496K, reserved 1048576K
}
Event: 15.135 GC heap before
{Heap before GC invocations=17 (full 2):
 PSYoungGen      total 117248K, used 25744K [0x00000000eab00000, 0x00000000f3d00000, 0x0000000100000000)
  eden space 99840K, 8% used [0x00000000eab00000,0x00000000eb324378,0x00000000f0c80000)
  from space 17408K, 99% used [0x00000000f2200000,0x00000000f32ffe88,0x00000000f3300000)
  to   space 22016K, 0% used [0x00000000f0c80000,0x00000000f0c80000,0x00000000f2200000)
 ParOldGen       total 97792K, used 28605K [0x00000000c0000000, 0x00000000c5f80000, 0x00000000eab00000)
  object space 97792K, 29% used [0x00000000c0000000,0x00000000c1bef4b0,0x00000000c5f80000)
 Metaspace       used 57229K, capacity 58936K, committed 59160K, reserved 1099776K
  class space    used 7992K, capacity 8484K, committed 8496K, reserved 1048576K
Event: 15.150 GC heap after
Heap after GC invocations=17 (full 2):
 PSYoungGen      total 121856K, used 10098K [0x00000000eab00000, 0x00000000f6680000, 0x0000000100000000)
  eden space 99840K, 0% used [0x00000000eab00000,0x00000000eab00000,0x00000000f0c80000)
  from space 22016K, 45% used [0x00000000f0c80000,0x00000000f165cb98,0x00000000f2200000)
  to   space 20992K, 0% used [0x00000000f5200000,0x00000000f5200000,0x00000000f6680000)
 ParOldGen       total 97792K, used 36710K [0x00000000c0000000, 0x00000000c5f80000, 0x00000000eab00000)
  object space 97792K, 37% used [0x00000000c0000000,0x00000000c23d9b38,0x00000000c5f80000)
 Metaspace       used 57229K, capacity 58936K, committed 59160K, reserved 1099776K
  class space    used 7992K, capacity 8484K, committed 8496K, reserved 1048576K
}
Event: 15.150 GC heap before
{Heap before GC invocations=18 (full 3):
 PSYoungGen      total 121856K, used 10098K [0x00000000eab00000, 0x00000000f6680000, 0x0000000100000000)
  eden space 99840K, 0% used [0x00000000eab00000,0x00000000eab00000,0x00000000f0c80000)
  from space 22016K, 45% used [0x00000000f0c80000,0x00000000f165cb98,0x00000000f2200000)
  to   space 20992K, 0% used [0x00000000f5200000,0x00000000f5200000,0x00000000f6680000)
 ParOldGen       total 97792K, used 36710K [0x00000000c0000000, 0x00000000c5f80000, 0x00000000eab00000)
  object space 97792K, 37% used [0x00000000c0000000,0x00000000c23d9b38,0x00000000c5f80000)
 Metaspace       used 57229K, capacity 58936K, committed 59160K, reserved 1099776K
  class space    used 7992K, capacity 8484K, committed 8496K, reserved 1048576K
Event: 15.380 GC heap after
Heap after GC invocations=18 (full 3):
 PSYoungGen      total 121856K, used 0K [0x00000000eab00000, 0x00000000f6680000, 0x0000000100000000)
  eden space 99840K, 0% used [0x00000000eab00000,0x00000000eab00000,0x00000000f0c80000)
  from space 22016K, 0% used [0x00000000f0c80000,0x00000000f0c80000,0x00000000f2200000)
  to   space 20992K, 0% used [0x00000000f5200000,0x00000000f5200000,0x00000000f6680000)
 ParOldGen       total 135168K, used 37970K [0x00000000c0000000, 0x00000000c8400000, 0x00000000eab00000)
  object space 135168K, 28% used [0x00000000c0000000,0x00000000c2514b68,0x00000000c8400000)
 Metaspace       used 57229K, capacity 58936K, committed 59160K, reserved 1099776K
  class space    used 7992K, capacity 8484K, committed 8496K, reserved 1048576K
}
Event: 17.806 GC heap before
{Heap before GC invocations=19 (full 3):
 PSYoungGen      total 121856K, used 99840K [0x00000000eab00000, 0x00000000f6680000, 0x0000000100000000)
  eden space 99840K, 100% used [0x00000000eab00000,0x00000000f0c80000,0x00000000f0c80000)
  from space 22016K, 0% used [0x00000000f0c80000,0x00000000f0c80000,0x00000000f2200000)
  to   space 20992K, 0% used [0x00000000f5200000,0x00000000f5200000,0x00000000f6680000)
 ParOldGen       total 135168K, used 37970K [0x00000000c0000000, 0x00000000c8400000, 0x00000000eab00000)
  object space 135168K, 28% used [0x00000000c0000000,0x00000000c2514b68,0x00000000c8400000)
 Metaspace       used 60141K, capacity 61960K, committed 62104K, reserved 1101824K
  class space    used 8339K, capacity 8858K, committed 8880K, reserved 1048576K
Event: 17.817 GC heap after
Heap after GC invocations=19 (full 3):
 PSYoungGen      total 154624K, used 8238K [0x00000000eab00000, 0x00000000f5d80000, 0x0000000100000000)
  eden space 142848K, 0% used [0x00000000eab00000,0x00000000eab00000,0x00000000f3680000)
  from space 11776K, 69% used [0x00000000f5200000,0x00000000f5a0bb30,0x00000000f5d80000)
  to   space 19968K, 0% used [0x00000000f3680000,0x00000000f3680000,0x00000000f4a00000)
 ParOldGen       total 135168K, used 37970K [0x00000000c0000000, 0x00000000c8400000, 0x00000000eab00000)
  object space 135168K, 28% used [0x00000000c0000000,0x00000000c2514b68,0x00000000c8400000)
 Metaspace       used 60141K, capacity 61960K, committed 62104K, reserved 1101824K
  class space    used 8339K, capacity 8858K, committed 8880K, reserved 1048576K
}
Event: 591.777 GC heap before
{Heap before GC invocations=20 (full 3):
 PSYoungGen      total 154624K, used 151086K [0x00000000eab00000, 0x00000000f5d80000, 0x0000000100000000)
  eden space 142848K, 100% used [0x00000000eab00000,0x00000000f3680000,0x00000000f3680000)
  from space 11776K, 69% used [0x00000000f5200000,0x00000000f5a0bb30,0x00000000f5d80000)
  to   space 19968K, 0% used [0x00000000f3680000,0x00000000f3680000,0x00000000f4a00000)
 ParOldGen       total 135168K, used 37970K [0x00000000c0000000, 0x00000000c8400000, 0x00000000eab00000)
  object space 135168K, 28% used [0x00000000c0000000,0x00000000c2514b68,0x00000000c8400000)
 Metaspace       used 64588K, capacity 66726K, committed 66840K, reserved 1107968K
  class space    used 8643K, capacity 9205K, committed 9264K, reserved 1048576K
Event: 591.790 GC heap after
Heap after GC invocations=20 (full 3):
 PSYoungGen      total 162816K, used 5947K [0x00000000eab00000, 0x00000000f8200000, 0x0000000100000000)
  eden space 142848K, 0% used [0x00000000eab00000,0x00000000eab00000,0x00000000f3680000)
  from space 19968K, 29% used [0x00000000f3680000,0x00000000f3c4eca8,0x00000000f4a00000)
  to   space 19968K, 0% used [0x00000000f6e80000,0x00000000f6e80000,0x00000000f8200000)
 ParOldGen       total 135168K, used 43906K [0x00000000c0000000, 0x00000000c8400000, 0x00000000eab00000)
  object space 135168K, 32% used [0x00000000c0000000,0x00000000c2ae0b08,0x00000000c8400000)
 Metaspace       used 64588K, capacity 66726K, committed 66840K, reserved 1107968K
  class space    used 8643K, capacity 9205K, committed 9264K, reserved 1048576K
}

