# JRE version: Java(TM) SE Runtime Environment (8.0_181-b13) (build 1.8.0_181-b13)
# Java VM: Java HotSpot(TM) 64-Bit Server VM (25.181-b13 mixed mode windows-amd64 compressed oops)
Heap:
 PSYoungGen      total 310784K, used 41011K [0x00000000eab00000, 0x00000000ffb00000, 0x0000000100000000)
  eden space 279552K, 10% used [0x00000000eab00000,0x00000000ec822e00,0x00000000fbc00000)
  from space 31232K, 35% used [0x00000000fdc80000,0x00000000fe769fb0,0x00000000ffb00000)
  to   space 32256K, 0% used [0x00000000fbc00000,0x00000000fbc00000,0x00000000fdb80000)
 ParOldGen       total 150016K, used 113350K [0x00000000c0000000, 0x00000000c9280000, 0x00000000eab00000)
  object space 150016K, 75% used [0x00000000c0000000,0x00000000c6eb18a8,0x00000000c9280000)
 Metaspace       used 87315K, capacity 89985K, committed 90152K, reserved 1128448K
  class space    used 11222K, capacity 11779K, committed 11824K, reserved 1048576K
GC Heap History (10 events):
Event: 264.089 GC heap before
{Heap before GC invocations=40 (full 4):
 PSYoungGen      total 282112K, used 249261K [0x00000000eab00000, 0x00000000ffe80000, 0x0000000100000000)
  eden space 241152K, 100% used [0x00000000eab00000,0x00000000f9680000,0x00000000f9680000)
  from space 40960K, 19% used [0x00000000f9680000,0x00000000f9e6b6d8,0x00000000fbe80000)
  to   space 39424K, 0% used [0x00000000fd800000,0x00000000fd800000,0x00000000ffe80000)
 ParOldGen       total 150016K, used 88966K [0x00000000c0000000, 0x00000000c9280000, 0x00000000eab00000)
  object space 150016K, 59% used [0x00000000c0000000,0x00000000c56e1a70,0x00000000c9280000)
 Metaspace       used 86520K, capacity 88915K, committed 89128K, reserved 1126400K
  class space    used 11145K, capacity 11684K, committed 11824K, reserved 1048576K
Event: 264.109 GC heap after
Heap after GC invocations=40 (full 4):
 PSYoungGen      total 305152K, used 8368K [0x00000000eab00000, 0x00000000ffb80000, 0x0000000100000000)
  eden space 268800K, 0% used [0x00000000eab00000,0x00000000eab00000,0x00000000fb180000)
  from space 36352K, 23% used [0x00000000fd800000,0x00000000fe02c038,0x00000000ffb80000)
  to   space 37888K, 0% used [0x00000000fb180000,0x00000000fb180000,0x00000000fd680000)
 ParOldGen       total 150016K, used 96375K [0x00000000c0000000, 0x00000000c9280000, 0x00000000eab00000)
  object space 150016K, 64% used [0x00000000c0000000,0x00000000c5e1de78,0x00000000c9280000)
 Metaspace       used 86520K, capacity 88915K, committed 89128K, reserved 1126400K
  class space    used 11145K, capacity 11684K, committed 11824K, reserved 1048576K
}
Event: 265.548 GC heap before
{Heap before GC invocations=41 (full 4):
 PSYoungGen      total 305152K, used 277168K [0x00000000eab00000, 0x00000000ffb80000, 0x0000000100000000)
  eden space 268800K, 100% used [0x00000000eab00000,0x00000000fb180000,0x00000000fb180000)
  from space 36352K, 23% used [0x00000000fd800000,0x00000000fe02c038,0x00000000ffb80000)
  to   space 37888K, 0% used [0x00000000fb180000,0x00000000fb180000,0x00000000fd680000)
 ParOldGen       total 150016K, used 96375K [0x00000000c0000000, 0x00000000c9280000, 0x00000000eab00000)
  object space 150016K, 64% used [0x00000000c0000000,0x00000000c5e1de78,0x00000000c9280000)
 Metaspace       used 87216K, capacity 89833K, committed 89896K, reserved 1128448K
  class space    used 11220K, capacity 11779K, committed 11824K, reserved 1048576K
Event: 265.588 GC heap after
Heap after GC invocations=41 (full 4):
 PSYoungGen      total 306688K, used 11871K [0x00000000eab00000, 0x00000000ffd80000, 0x0000000100000000)
  eden space 268800K, 0% used [0x00000000eab00000,0x00000000eab00000,0x00000000fb180000)
  from space 37888K, 31% used [0x00000000fb180000,0x00000000fbd17c78,0x00000000fd680000)
  to   space 35840K, 0% used [0x00000000fda80000,0x00000000fda80000,0x00000000ffd80000)
 ParOldGen       total 150016K, used 102415K [0x00000000c0000000, 0x00000000c9280000, 0x00000000eab00000)
  object space 150016K, 68% used [0x00000000c0000000,0x00000000c6403d78,0x00000000c9280000)
 Metaspace       used 87216K, capacity 89833K, committed 89896K, reserved 1128448K
  class space    used 11220K, capacity 11779K, committed 11824K, reserved 1048576K
}
Event: 266.339 GC heap before
{Heap before GC invocations=42 (full 4):
 PSYoungGen      total 306688K, used 280671K [0x00000000eab00000, 0x00000000ffd80000, 0x0000000100000000)
  eden space 268800K, 100% used [0x00000000eab00000,0x00000000fb180000,0x00000000fb180000)
  from space 37888K, 31% used [0x00000000fb180000,0x00000000fbd17c78,0x00000000fd680000)
  to   space 35840K, 0% used [0x00000000fda80000,0x00000000fda80000,0x00000000ffd80000)
 ParOldGen       total 150016K, used 102415K [0x00000000c0000000, 0x00000000c9280000, 0x00000000eab00000)
  object space 150016K, 68% used [0x00000000c0000000,0x00000000c6403d78,0x00000000c9280000)
 Metaspace       used 87253K, capacity 89913K, committed 90152K, reserved 1128448K
  class space    used 11222K, capacity 11779K, committed 11824K, reserved 1048576K
Event: 266.351 GC heap after
Heap after GC invocations=42 (full 4):
 PSYoungGen      total 310784K, used 5215K [0x00000000eab00000, 0x00000000ffd00000, 0x0000000100000000)
  eden space 275456K, 0% used [0x00000000eab00000,0x00000000eab00000,0x00000000fb800000)
  from space 35328K, 14% used [0x00000000fda80000,0x00000000fdf97e88,0x00000000ffd00000)
  to   space 35328K, 0% used [0x00000000fb800000,0x00000000fb800000,0x00000000fda80000)
 ParOldGen       total 150016K, used 108171K [0x00000000c0000000, 0x00000000c9280000, 0x00000000eab00000)
  object space 150016K, 72% used [0x00000000c0000000,0x00000000c69a2e08,0x00000000c9280000)
 Metaspace       used 87253K, capacity 89913K, committed 90152K, reserved 1128448K
  class space    used 11222K, capacity 11779K, committed 11824K, reserved 1048576K
}
Event: 267.108 GC heap before
{Heap before GC invocations=43 (full 4):
 PSYoungGen      total 310784K, used 280671K [0x00000000eab00000, 0x00000000ffd00000, 0x0000000100000000)
  eden space 275456K, 100% used [0x00000000eab00000,0x00000000fb800000,0x00000000fb800000)
  from space 35328K, 14% used [0x00000000fda80000,0x00000000fdf97e88,0x00000000ffd00000)
  to   space 35328K, 0% used [0x00000000fb800000,0x00000000fb800000,0x00000000fda80000)
 ParOldGen       total 150016K, used 108171K [0x00000000c0000000, 0x00000000c9280000, 0x00000000eab00000)
  object space 150016K, 72% used [0x00000000c0000000,0x00000000c69a2e08,0x00000000c9280000)
 Metaspace       used 87290K, capacity 89917K, committed 90152K, reserved 1128448K
  class space    used 11222K, capacity 11779K, committed 11824K, reserved 1048576K
Event: 267.122 GC heap after
Heap after GC invocations=43 (full 4):
 PSYoungGen      total 310784K, used 5975K [0x00000000eab00000, 0x00000000ffe00000, 0x0000000100000000)
  eden space 275456K, 0% used [0x00000000eab00000,0x00000000eab00000,0x00000000fb800000)
  from space 35328K, 16% used [0x00000000fb800000,0x00000000fbdd5cb8,0x00000000fda80000)
  to   space 34304K, 0% used [0x00000000fdc80000,0x00000000fdc80000,0x00000000ffe00000)
 ParOldGen       total 150016K, used 110110K [0x00000000c0000000, 0x00000000c9280000, 0x00000000eab00000)
  object space 150016K, 73% used [0x00000000c0000000,0x00000000c6b87828,0x00000000c9280000)
 Metaspace       used 87290K, capacity 89917K, committed 90152K, reserved 1128448K
  class space    used 11222K, capacity 11779K, committed 11824K, reserved 1048576K
}
Event: 267.749 GC heap before
{Heap before GC invocations=44 (full 4):
 PSYoungGen      total 310784K, used 281431K [0x00000000eab00000, 0x00000000ffe00000, 0x0000000100000000)
  eden space 275456K, 100% used [0x00000000eab00000,0x00000000fb800000,0x00000000fb800000)
  from space 35328K, 16% used [0x00000000fb800000,0x00000000fbdd5cb8,0x00000000fda80000)
  to   space 34304K, 0% used [0x00000000fdc80000,0x00000000fdc80000,0x00000000ffe00000)
 ParOldGen       total 150016K, used 110110K [0x00000000c0000000, 0x00000000c9280000, 0x00000000eab00000)
  object space 150016K, 73% used [0x00000000c0000000,0x00000000c6b87828,0x00000000c9280000)
 Metaspace       used 87311K, capacity 89981K, committed 90152K, reserved 1128448K
  class space    used 11222K, capacity 11779K, committed 11824K, reserved 1048576K
Event: 267.781 GC heap after
Heap after GC invocations=44 (full 4):
 PSYoungGen      total 310784K, used 11175K [0x00000000eab00000, 0x00000000ffb00000, 0x0000000100000000)
  eden space 279552K, 0% used [0x00000000eab00000,0x00000000eab00000,0x00000000fbc00000)
  from space 31232K, 35% used [0x00000000fdc80000,0x00000000fe769fb0,0x00000000ffb00000)
  to   space 32256K, 0% used [0x00000000fbc00000,0x00000000fbc00000,0x00000000fdb80000)
 ParOldGen       total 150016K, used 113350K [0x00000000c0000000, 0x00000000c9280000, 0x00000000eab00000)
  object space 150016K, 75% used [0x00000000c0000000,0x00000000c6eb18a8,0x00000000c9280000)
 Metaspace       used 87311K, capacity 89981K, committed 90152K, reserved 1128448K
  class space    used 11222K, capacity 11779K, committed 11824K, reserved 1048576K
}

