# JRE version: Java(TM) SE Runtime Environment (8.0_181-b13) (build 1.8.0_181-b13)
# Java VM: Java HotSpot(TM) 64-Bit Server VM (25.181-b13 mixed mode windows-amd64 compressed oops)
Heap:
 PSYoungGen      total 117248K, used 39541K [0x00000000eab00000, 0x00000000f3580000, 0x0000000100000000)
  eden space 97792K, 31% used [0x00000000eab00000,0x00000000ec8d3708,0x00000000f0a80000)
  from space 19456K, 46% used [0x00000000f2280000,0x00000000f2b4a040,0x00000000f3580000)
  to   space 22016K, 0% used [0x00000000f0a80000,0x00000000f0a80000,0x00000000f2000000)
 ParOldGen       total 159744K, used 36617K [0x00000000c0000000, 0x00000000c9c00000, 0x00000000eab00000)
  object space 159744K, 22% used [0x00000000c0000000,0x00000000c23c2488,0x00000000c9c00000)
 Metaspace       used 66168K, capacity 68999K, committed 69144K, reserved 1110016K
  class space    used 8764K, capacity 9410K, committed 9520K, reserved 1048576K
GC Heap History (10 events):
Event: 22.441 GC heap before
{Heap before GC invocations=19 (full 3):
 PSYoungGen      total 105472K, used 85504K [0x00000000eab00000, 0x00000000f4380000, 0x0000000100000000)
  eden space 85504K, 100% used [0x00000000eab00000,0x00000000efe80000,0x00000000efe80000)
  from space 19968K, 0% used [0x00000000efe80000,0x00000000efe80000,0x00000000f1200000)
  to   space 23040K, 0% used [0x00000000f2d00000,0x00000000f2d00000,0x00000000f4380000)
 ParOldGen       total 159744K, used 36577K [0x00000000c0000000, 0x00000000c9c00000, 0x00000000eab00000)
  object space 159744K, 22% used [0x00000000c0000000,0x00000000c23b8488,0x00000000c9c00000)
 Metaspace       used 60067K, capacity 61889K, committed 62104K, reserved 1101824K
  class space    used 8333K, capacity 8855K, committed 8880K, reserved 1048576K
Event: 22.453 GC heap after
Heap after GC invocations=19 (full 3):
 PSYoungGen      total 119808K, used 6924K [0x00000000eab00000, 0x00000000f3c80000, 0x0000000100000000)
  eden space 103936K, 0% used [0x00000000eab00000,0x00000000eab00000,0x00000000f1080000)
  from space 15872K, 43% used [0x00000000f2d00000,0x00000000f33c32a8,0x00000000f3c80000)
  to   space 22528K, 0% used [0x00000000f1080000,0x00000000f1080000,0x00000000f2680000)
 ParOldGen       total 159744K, used 36585K [0x00000000c0000000, 0x00000000c9c00000, 0x00000000eab00000)
  object space 159744K, 22% used [0x00000000c0000000,0x00000000c23ba488,0x00000000c9c00000)
 Metaspace       used 60067K, capacity 61889K, committed 62104K, reserved 1101824K
  class space    used 8333K, capacity 8855K, committed 8880K, reserved 1048576K
}
Event: 264.249 GC heap before
{Heap before GC invocations=20 (full 3):
 PSYoungGen      total 119808K, used 110860K [0x00000000eab00000, 0x00000000f3c80000, 0x0000000100000000)
  eden space 103936K, 100% used [0x00000000eab00000,0x00000000f1080000,0x00000000f1080000)
  from space 15872K, 43% used [0x00000000f2d00000,0x00000000f33c32a8,0x00000000f3c80000)
  to   space 22528K, 0% used [0x00000000f1080000,0x00000000f1080000,0x00000000f2680000)
 ParOldGen       total 159744K, used 36585K [0x00000000c0000000, 0x00000000c9c00000, 0x00000000eab00000)
  object space 159744K, 22% used [0x00000000c0000000,0x00000000c23ba488,0x00000000c9c00000)
 Metaspace       used 64176K, capacity 66181K, committed 66328K, reserved 1105920K
  class space    used 8625K, capacity 9171K, committed 9264K, reserved 1048576K
Event: 264.267 GC heap after
Heap after GC invocations=20 (full 3):
 PSYoungGen      total 126464K, used 15736K [0x00000000eab00000, 0x00000000f4a80000, 0x0000000100000000)
  eden space 103936K, 0% used [0x00000000eab00000,0x00000000eab00000,0x00000000f1080000)
  from space 22528K, 69% used [0x00000000f1080000,0x00000000f1fde120,0x00000000f2680000)
  to   space 23552K, 0% used [0x00000000f3380000,0x00000000f3380000,0x00000000f4a80000)
 ParOldGen       total 159744K, used 36593K [0x00000000c0000000, 0x00000000c9c00000, 0x00000000eab00000)
  object space 159744K, 22% used [0x00000000c0000000,0x00000000c23bc488,0x00000000c9c00000)
 Metaspace       used 64176K, capacity 66181K, committed 66328K, reserved 1105920K
  class space    used 8625K, capacity 9171K, committed 9264K, reserved 1048576K
}
Event: 445.628 GC heap before
{Heap before GC invocations=21 (full 3):
 PSYoungGen      total 126464K, used 119672K [0x00000000eab00000, 0x00000000f4a80000, 0x0000000100000000)
  eden space 103936K, 100% used [0x00000000eab00000,0x00000000f1080000,0x00000000f1080000)
  from space 22528K, 69% used [0x00000000f1080000,0x00000000f1fde120,0x00000000f2680000)
  to   space 23552K, 0% used [0x00000000f3380000,0x00000000f3380000,0x00000000f4a80000)
 ParOldGen       total 159744K, used 36593K [0x00000000c0000000, 0x00000000c9c00000, 0x00000000eab00000)
  object space 159744K, 22% used [0x00000000c0000000,0x00000000c23bc488,0x00000000c9c00000)
 Metaspace       used 64890K, capacity 67279K, committed 67352K, reserved 1107968K
  class space    used 8678K, capacity 9264K, committed 9264K, reserved 1048576K
Event: 445.651 GC heap after
Heap after GC invocations=21 (full 3):
 PSYoungGen      total 116224K, used 13848K [0x00000000eab00000, 0x00000000f4180000, 0x0000000100000000)
  eden space 101888K, 0% used [0x00000000eab00000,0x00000000eab00000,0x00000000f0e80000)
  from space 14336K, 96% used [0x00000000f3380000,0x00000000f4106050,0x00000000f4180000)
  to   space 23552K, 0% used [0x00000000f1380000,0x00000000f1380000,0x00000000f2a80000)
 ParOldGen       total 159744K, used 36601K [0x00000000c0000000, 0x00000000c9c00000, 0x00000000eab00000)
  object space 159744K, 22% used [0x00000000c0000000,0x00000000c23be488,0x00000000c9c00000)
 Metaspace       used 64890K, capacity 67279K, committed 67352K, reserved 1107968K
  class space    used 8678K, capacity 9264K, committed 9264K, reserved 1048576K
}
Event: 1777.583 GC heap before
{Heap before GC invocations=22 (full 3):
 PSYoungGen      total 116224K, used 115736K [0x00000000eab00000, 0x00000000f4180000, 0x0000000100000000)
  eden space 101888K, 100% used [0x00000000eab00000,0x00000000f0e80000,0x00000000f0e80000)
  from space 14336K, 96% used [0x00000000f3380000,0x00000000f4106050,0x00000000f4180000)
  to   space 23552K, 0% used [0x00000000f1380000,0x00000000f1380000,0x00000000f2a80000)
 ParOldGen       total 159744K, used 36601K [0x00000000c0000000, 0x00000000c9c00000, 0x00000000eab00000)
  object space 159744K, 22% used [0x00000000c0000000,0x00000000c23be488,0x00000000c9c00000)
 Metaspace       used 65571K, capacity 68215K, committed 68504K, reserved 1107968K
  class space    used 8719K, capacity 9334K, committed 9392K, reserved 1048576K
Event: 1777.597 GC heap after
Heap after GC invocations=22 (full 3):
 PSYoungGen      total 107520K, used 7624K [0x00000000eab00000, 0x00000000f3880000, 0x0000000100000000)
  eden space 99840K, 0% used [0x00000000eab00000,0x00000000eab00000,0x00000000f0c80000)
  from space 7680K, 99% used [0x00000000f1380000,0x00000000f1af2040,0x00000000f1b00000)
  to   space 22528K, 0% used [0x00000000f2280000,0x00000000f2280000,0x00000000f3880000)
 ParOldGen       total 159744K, used 36609K [0x00000000c0000000, 0x00000000c9c00000, 0x00000000eab00000)
  object space 159744K, 22% used [0x00000000c0000000,0x00000000c23c0488,0x00000000c9c00000)
 Metaspace       used 65571K, capacity 68215K, committed 68504K, reserved 1107968K
  class space    used 8719K, capacity 9334K, committed 9392K, reserved 1048576K
}
Event: 2673.691 GC heap before
{Heap before GC invocations=23 (full 3):
 PSYoungGen      total 107520K, used 107464K [0x00000000eab00000, 0x00000000f3880000, 0x0000000100000000)
  eden space 99840K, 100% used [0x00000000eab00000,0x00000000f0c80000,0x00000000f0c80000)
  from space 7680K, 99% used [0x00000000f1380000,0x00000000f1af2040,0x00000000f1b00000)
  to   space 22528K, 0% used [0x00000000f2280000,0x00000000f2280000,0x00000000f3880000)
 ParOldGen       total 159744K, used 36609K [0x00000000c0000000, 0x00000000c9c00000, 0x00000000eab00000)
  object space 159744K, 22% used [0x00000000c0000000,0x00000000c23c0488,0x00000000c9c00000)
 Metaspace       used 66004K, capacity 68831K, committed 69016K, reserved 1110016K
  class space    used 8748K, capacity 9382K, committed 9392K, reserved 1048576K
Event: 2673.703 GC heap after
Heap after GC invocations=23 (full 3):
 PSYoungGen      total 117248K, used 9000K [0x00000000eab00000, 0x00000000f3580000, 0x0000000100000000)
  eden space 97792K, 0% used [0x00000000eab00000,0x00000000eab00000,0x00000000f0a80000)
  from space 19456K, 46% used [0x00000000f2280000,0x00000000f2b4a040,0x00000000f3580000)
  to   space 22016K, 0% used [0x00000000f0a80000,0x00000000f0a80000,0x00000000f2000000)
 ParOldGen       total 159744K, used 36617K [0x00000000c0000000, 0x00000000c9c00000, 0x00000000eab00000)
  object space 159744K, 22% used [0x00000000c0000000,0x00000000c23c2488,0x00000000c9c00000)
 Metaspace       used 66004K, capacity 68831K, committed 69016K, reserved 1110016K
  class space    used 8748K, capacity 9382K, committed 9392K, reserved 1048576K
}

