# JRE version: Java(TM) SE Runtime Environment (8.0_181-b13) (build 1.8.0_181-b13)
# Java VM: Java HotSpot(TM) 64-Bit Server VM (25.181-b13 mixed mode windows-amd64 compressed oops)
Heap:
 PSYoungGen      total 137728K, used 53736K [0x00000000eab00000, 0x00000000f6980000, 0x0000000100000000)
  eden space 120832K, 44% used [0x00000000eab00000,0x00000000edf7a030,0x00000000f2100000)
  from space 16896K, 0% used [0x00000000f2100000,0x00000000f2100000,0x00000000f3180000)
  to   space 17408K, 0% used [0x00000000f5880000,0x00000000f5880000,0x00000000f6980000)
 ParOldGen       total 98304K, used 36403K [0x00000000c0000000, 0x00000000c6000000, 0x00000000eab00000)
  object space 98304K, 37% used [0x00000000c0000000,0x00000000c238ce80,0x00000000c6000000)
 Metaspace       used 59594K, capacity 61403K, committed 61592K, reserved 1103872K
  class space    used 8297K, capacity 8812K, committed 8880K, reserved 1048576K
GC Heap History (10 events):
Event: 9.073 GC heap before
{Heap before GC invocations=12 (full 2):
 PSYoungGen      total 91136K, used 79872K [0x00000000eab00000, 0x00000000f2c00000, 0x0000000100000000)
  eden space 79872K, 100% used [0x00000000eab00000,0x00000000ef900000,0x00000000ef900000)
  from space 11264K, 0% used [0x00000000ef900000,0x00000000ef900000,0x00000000f0400000)
  to   space 11264K, 0% used [0x00000000f2100000,0x00000000f2100000,0x00000000f2c00000)
 ParOldGen       total 98304K, used 16075K [0x00000000c0000000, 0x00000000c6000000, 0x00000000eab00000)
  object space 98304K, 16% used [0x00000000c0000000,0x00000000c0fb2e38,0x00000000c6000000)
 Metaspace       used 41633K, capacity 42364K, committed 42672K, reserved 1085440K
  class space    used 5747K, capacity 6008K, committed 6064K, reserved 1048576K
Event: 9.097 GC heap after
Heap after GC invocations=12 (full 2):
 PSYoungGen      total 111616K, used 11258K [0x00000000eab00000, 0x00000000f2c00000, 0x0000000100000000)
  eden space 100352K, 0% used [0x00000000eab00000,0x00000000eab00000,0x00000000f0d00000)
  from space 11264K, 99% used [0x00000000f2100000,0x00000000f2bfeb80,0x00000000f2c00000)
  to   space 12800K, 0% used [0x00000000f1300000,0x00000000f1300000,0x00000000f1f80000)
 ParOldGen       total 98304K, used 17525K [0x00000000c0000000, 0x00000000c6000000, 0x00000000eab00000)
  object space 98304K, 17% used [0x00000000c0000000,0x00000000c111d6b0,0x00000000c6000000)
 Metaspace       used 41633K, capacity 42364K, committed 42672K, reserved 1085440K
  class space    used 5747K, capacity 6008K, committed 6064K, reserved 1048576K
}
Event: 11.100 GC heap before
{Heap before GC invocations=13 (full 2):
 PSYoungGen      total 111616K, used 111610K [0x00000000eab00000, 0x00000000f2c00000, 0x0000000100000000)
  eden space 100352K, 100% used [0x00000000eab00000,0x00000000f0d00000,0x00000000f0d00000)
  from space 11264K, 99% used [0x00000000f2100000,0x00000000f2bfeb80,0x00000000f2c00000)
  to   space 12800K, 0% used [0x00000000f1300000,0x00000000f1300000,0x00000000f1f80000)
 ParOldGen       total 98304K, used 17525K [0x00000000c0000000, 0x00000000c6000000, 0x00000000eab00000)
  object space 98304K, 17% used [0x00000000c0000000,0x00000000c111d6b0,0x00000000c6000000)
 Metaspace       used 50899K, capacity 52030K, committed 52272K, reserved 1093632K
  class space    used 7027K, capacity 7349K, committed 7472K, reserved 1048576K
Event: 11.118 GC heap after
Heap after GC invocations=13 (full 2):
 PSYoungGen      total 119296K, used 10351K [0x00000000eab00000, 0x00000000f3e80000, 0x0000000100000000)
  eden space 106496K, 0% used [0x00000000eab00000,0x00000000eab00000,0x00000000f1300000)
  from space 12800K, 80% used [0x00000000f1300000,0x00000000f1d1bda0,0x00000000f1f80000)
  to   space 13312K, 0% used [0x00000000f3180000,0x00000000f3180000,0x00000000f3e80000)
 ParOldGen       total 98304K, used 24809K [0x00000000c0000000, 0x00000000c6000000, 0x00000000eab00000)
  object space 98304K, 25% used [0x00000000c0000000,0x00000000c183a508,0x00000000c6000000)
 Metaspace       used 50899K, capacity 52030K, committed 52272K, reserved 1093632K
  class space    used 7027K, capacity 7349K, committed 7472K, reserved 1048576K
}
Event: 13.474 GC heap before
{Heap before GC invocations=14 (full 2):
 PSYoungGen      total 119296K, used 116847K [0x00000000eab00000, 0x00000000f3e80000, 0x0000000100000000)
  eden space 106496K, 100% used [0x00000000eab00000,0x00000000f1300000,0x00000000f1300000)
  from space 12800K, 80% used [0x00000000f1300000,0x00000000f1d1bda0,0x00000000f1f80000)
  to   space 13312K, 0% used [0x00000000f3180000,0x00000000f3180000,0x00000000f3e80000)
 ParOldGen       total 98304K, used 24809K [0x00000000c0000000, 0x00000000c6000000, 0x00000000eab00000)
  object space 98304K, 25% used [0x00000000c0000000,0x00000000c183a508,0x00000000c6000000)
 Metaspace       used 56482K, capacity 57992K, committed 58288K, reserved 1099776K
  class space    used 7874K, capacity 8320K, committed 8368K, reserved 1048576K
Event: 13.492 GC heap after
Heap after GC invocations=14 (full 2):
 PSYoungGen      total 134144K, used 13298K [0x00000000eab00000, 0x00000000f4b00000, 0x0000000100000000)
  eden space 120832K, 0% used [0x00000000eab00000,0x00000000eab00000,0x00000000f2100000)
  from space 13312K, 99% used [0x00000000f3180000,0x00000000f3e7cb98,0x00000000f3e80000)
  to   space 16896K, 0% used [0x00000000f2100000,0x00000000f2100000,0x00000000f3180000)
 ParOldGen       total 98304K, used 29959K [0x00000000c0000000, 0x00000000c6000000, 0x00000000eab00000)
  object space 98304K, 30% used [0x00000000c0000000,0x00000000c1d41c30,0x00000000c6000000)
 Metaspace       used 56482K, capacity 57992K, committed 58288K, reserved 1099776K
  class space    used 7874K, capacity 8320K, committed 8368K, reserved 1048576K
}
Event: 13.707 GC heap before
{Heap before GC invocations=15 (full 2):
 PSYoungGen      total 134144K, used 32590K [0x00000000eab00000, 0x00000000f4b00000, 0x0000000100000000)
  eden space 120832K, 15% used [0x00000000eab00000,0x00000000ebdd6d20,0x00000000f2100000)
  from space 13312K, 99% used [0x00000000f3180000,0x00000000f3e7cb98,0x00000000f3e80000)
  to   space 16896K, 0% used [0x00000000f2100000,0x00000000f2100000,0x00000000f3180000)
 ParOldGen       total 98304K, used 29959K [0x00000000c0000000, 0x00000000c6000000, 0x00000000eab00000)
  object space 98304K, 30% used [0x00000000c0000000,0x00000000c1d41c30,0x00000000c6000000)
 Metaspace       used 57410K, capacity 59109K, committed 59160K, reserved 1099776K
  class space    used 8016K, capacity 8496K, committed 8496K, reserved 1048576K
Event: 13.722 GC heap after
Heap after GC invocations=15 (full 2):
 PSYoungGen      total 137728K, used 1920K [0x00000000eab00000, 0x00000000f6980000, 0x0000000100000000)
  eden space 120832K, 0% used [0x00000000eab00000,0x00000000eab00000,0x00000000f2100000)
  from space 16896K, 11% used [0x00000000f2100000,0x00000000f22e0000,0x00000000f3180000)
  to   space 17408K, 0% used [0x00000000f5880000,0x00000000f5880000,0x00000000f6980000)
 ParOldGen       total 98304K, used 43232K [0x00000000c0000000, 0x00000000c6000000, 0x00000000eab00000)
  object space 98304K, 43% used [0x00000000c0000000,0x00000000c2a38048,0x00000000c6000000)
 Metaspace       used 57410K, capacity 59109K, committed 59160K, reserved 1099776K
  class space    used 8016K, capacity 8496K, committed 8496K, reserved 1048576K
}
Event: 13.723 GC heap before
{Heap before GC invocations=16 (full 3):
 PSYoungGen      total 137728K, used 1920K [0x00000000eab00000, 0x00000000f6980000, 0x0000000100000000)
  eden space 120832K, 0% used [0x00000000eab00000,0x00000000eab00000,0x00000000f2100000)
  from space 16896K, 11% used [0x00000000f2100000,0x00000000f22e0000,0x00000000f3180000)
  to   space 17408K, 0% used [0x00000000f5880000,0x00000000f5880000,0x00000000f6980000)
 ParOldGen       total 98304K, used 43232K [0x00000000c0000000, 0x00000000c6000000, 0x00000000eab00000)
  object space 98304K, 43% used [0x00000000c0000000,0x00000000c2a38048,0x00000000c6000000)
 Metaspace       used 57410K, capacity 59109K, committed 59160K, reserved 1099776K
  class space    used 8016K, capacity 8496K, committed 8496K, reserved 1048576K
Event: 14.025 GC heap after
Heap after GC invocations=16 (full 3):
 PSYoungGen      total 137728K, used 0K [0x00000000eab00000, 0x00000000f6980000, 0x0000000100000000)
  eden space 120832K, 0% used [0x00000000eab00000,0x00000000eab00000,0x00000000f2100000)
  from space 16896K, 0% used [0x00000000f2100000,0x00000000f2100000,0x00000000f3180000)
  to   space 17408K, 0% used [0x00000000f5880000,0x00000000f5880000,0x00000000f6980000)
 ParOldGen       total 98304K, used 36403K [0x00000000c0000000, 0x00000000c6000000, 0x00000000eab00000)
  object space 98304K, 37% used [0x00000000c0000000,0x00000000c238ce80,0x00000000c6000000)
 Metaspace       used 57410K, capacity 59109K, committed 59160K, reserved 1099776K
  class space    used 8016K, capacity 8496K, committed 8496K, reserved 1048576K
}

