# JRE version: Java(TM) SE Runtime Environment (8.0_181-b13) (build 1.8.0_181-b13)
# Java VM: Java HotSpot(TM) 64-Bit Server VM (25.181-b13 mixed mode windows-amd64 compressed oops)
Heap:
 PSYoungGen      total 114688K, used 0K [0x00000000eab00000, 0x00000000f2b80000, 0x0000000100000000)
  eden space 99840K, 0% used [0x00000000eab00000,0x00000000eab00000,0x00000000f0c80000)
  from space 14848K, 0% used [0x00000000f0c80000,0x00000000f0c80000,0x00000000f1b00000)
  to   space 12800K, 0% used [0x00000000f1b00000,0x00000000f1b00000,0x00000000f2780000)
 ParOldGen       total 93696K, used 40426K [0x00000000c0000000, 0x00000000c5b80000, 0x00000000eab00000)
  object space 93696K, 43% used [0x00000000c0000000,0x00000000c277a820,0x00000000c5b80000)
 Metaspace       used 60327K, capacity 62174K, committed 62232K, reserved 1110016K
  class space    used 8456K, capacity 8997K, committed 9008K, reserved 1048576K
GC Heap History (10 events):
Event: 32.317 GC heap after
Heap after GC invocations=19 (full 3):
 PSYoungGen      total 112640K, used 1792K [0x00000000eab00000, 0x00000000f2b80000, 0x0000000100000000)
  eden space 99840K, 0% used [0x00000000eab00000,0x00000000eab00000,0x00000000f0c80000)
  from space 12800K, 14% used [0x00000000f1b00000,0x00000000f1cc0000,0x00000000f2780000)
  to   space 14848K, 0% used [0x00000000f0c80000,0x00000000f0c80000,0x00000000f1b00000)
 ParOldGen       total 93696K, used 35624K [0x00000000c0000000, 0x00000000c5b80000, 0x00000000eab00000)
  object space 93696K, 38% used [0x00000000c0000000,0x00000000c22ca2c8,0x00000000c5b80000)
 Metaspace       used 57925K, capacity 59712K, committed 59800K, reserved 1103872K
  class space    used 8105K, capacity 8594K, committed 8624K, reserved 1048576K
}
Event: 32.317 GC heap before
{Heap before GC invocations=20 (full 4):
 PSYoungGen      total 112640K, used 1792K [0x00000000eab00000, 0x00000000f2b80000, 0x0000000100000000)
  eden space 99840K, 0% used [0x00000000eab00000,0x00000000eab00000,0x00000000f0c80000)
  from space 12800K, 14% used [0x00000000f1b00000,0x00000000f1cc0000,0x00000000f2780000)
  to   space 14848K, 0% used [0x00000000f0c80000,0x00000000f0c80000,0x00000000f1b00000)
 ParOldGen       total 93696K, used 35624K [0x00000000c0000000, 0x00000000c5b80000, 0x00000000eab00000)
  object space 93696K, 38% used [0x00000000c0000000,0x00000000c22ca2c8,0x00000000c5b80000)
 Metaspace       used 57925K, capacity 59712K, committed 59800K, reserved 1103872K
  class space    used 8105K, capacity 8594K, committed 8624K, reserved 1048576K
Event: 32.421 GC heap after
Heap after GC invocations=20 (full 4):
 PSYoungGen      total 112640K, used 0K [0x00000000eab00000, 0x00000000f2b80000, 0x0000000100000000)
  eden space 99840K, 0% used [0x00000000eab00000,0x00000000eab00000,0x00000000f0c80000)
  from space 12800K, 0% used [0x00000000f1b00000,0x00000000f1b00000,0x00000000f2780000)
  to   space 14848K, 0% used [0x00000000f0c80000,0x00000000f0c80000,0x00000000f1b00000)
 ParOldGen       total 93696K, used 37067K [0x00000000c0000000, 0x00000000c5b80000, 0x00000000eab00000)
  object space 93696K, 39% used [0x00000000c0000000,0x00000000c2432c78,0x00000000c5b80000)
 Metaspace       used 57925K, capacity 59712K, committed 59800K, reserved 1101824K
  class space    used 8105K, capacity 8594K, committed 8624K, reserved 1048576K
}
Event: 33.127 GC heap before
{Heap before GC invocations=21 (full 4):
 PSYoungGen      total 112640K, used 7889K [0x00000000eab00000, 0x00000000f2b80000, 0x0000000100000000)
  eden space 99840K, 7% used [0x00000000eab00000,0x00000000eb2b4568,0x00000000f0c80000)
  from space 12800K, 0% used [0x00000000f1b00000,0x00000000f1b00000,0x00000000f2780000)
  to   space 14848K, 0% used [0x00000000f0c80000,0x00000000f0c80000,0x00000000f1b00000)
 ParOldGen       total 93696K, used 37067K [0x00000000c0000000, 0x00000000c5b80000, 0x00000000eab00000)
  object space 93696K, 39% used [0x00000000c0000000,0x00000000c2432c78,0x00000000c5b80000)
 Metaspace       used 58533K, capacity 60326K, committed 60440K, reserved 1105920K
  class space    used 8199K, capacity 8691K, committed 8752K, reserved 1048576K
Event: 33.129 GC heap after
Heap after GC invocations=21 (full 4):
 PSYoungGen      total 114688K, used 959K [0x00000000eab00000, 0x00000000f2b80000, 0x0000000100000000)
  eden space 99840K, 0% used [0x00000000eab00000,0x00000000eab00000,0x00000000f0c80000)
  from space 14848K, 6% used [0x00000000f0c80000,0x00000000f0d6fd40,0x00000000f1b00000)
  to   space 12800K, 0% used [0x00000000f1b00000,0x00000000f1b00000,0x00000000f2780000)
 ParOldGen       total 93696K, used 37067K [0x00000000c0000000, 0x00000000c5b80000, 0x00000000eab00000)
  object space 93696K, 39% used [0x00000000c0000000,0x00000000c2432c78,0x00000000c5b80000)
 Metaspace       used 58533K, capacity 60326K, committed 60440K, reserved 1105920K
  class space    used 8199K, capacity 8691K, committed 8752K, reserved 1048576K
}
Event: 33.129 GC heap before
{Heap before GC invocations=22 (full 5):
 PSYoungGen      total 114688K, used 959K [0x00000000eab00000, 0x00000000f2b80000, 0x0000000100000000)
  eden space 99840K, 0% used [0x00000000eab00000,0x00000000eab00000,0x00000000f0c80000)
  from space 14848K, 6% used [0x00000000f0c80000,0x00000000f0d6fd40,0x00000000f1b00000)
  to   space 12800K, 0% used [0x00000000f1b00000,0x00000000f1b00000,0x00000000f2780000)
 ParOldGen       total 93696K, used 37067K [0x00000000c0000000, 0x00000000c5b80000, 0x00000000eab00000)
  object space 93696K, 39% used [0x00000000c0000000,0x00000000c2432c78,0x00000000c5b80000)
 Metaspace       used 58533K, capacity 60326K, committed 60440K, reserved 1105920K
  class space    used 8199K, capacity 8691K, committed 8752K, reserved 1048576K
Event: 33.214 GC heap after
Heap after GC invocations=22 (full 5):
 PSYoungGen      total 114688K, used 0K [0x00000000eab00000, 0x00000000f2b80000, 0x0000000100000000)
  eden space 99840K, 0% used [0x00000000eab00000,0x00000000eab00000,0x00000000f0c80000)
  from space 14848K, 0% used [0x00000000f0c80000,0x00000000f0c80000,0x00000000f1b00000)
  to   space 12800K, 0% used [0x00000000f1b00000,0x00000000f1b00000,0x00000000f2780000)
 ParOldGen       total 93696K, used 37608K [0x00000000c0000000, 0x00000000c5b80000, 0x00000000eab00000)
  object space 93696K, 40% used [0x00000000c0000000,0x00000000c24ba1f8,0x00000000c5b80000)
 Metaspace       used 58533K, capacity 60326K, committed 60440K, reserved 1103872K
  class space    used 8199K, capacity 8691K, committed 8752K, reserved 1048576K
}
Event: 35.367 GC heap before
{Heap before GC invocations=23 (full 5):
 PSYoungGen      total 114688K, used 29407K [0x00000000eab00000, 0x00000000f2b80000, 0x0000000100000000)
  eden space 99840K, 29% used [0x00000000eab00000,0x00000000ec7b7c30,0x00000000f0c80000)
  from space 14848K, 0% used [0x00000000f0c80000,0x00000000f0c80000,0x00000000f1b00000)
  to   space 12800K, 0% used [0x00000000f1b00000,0x00000000f1b00000,0x00000000f2780000)
 ParOldGen       total 93696K, used 37608K [0x00000000c0000000, 0x00000000c5b80000, 0x00000000eab00000)
  object space 93696K, 40% used [0x00000000c0000000,0x00000000c24ba1f8,0x00000000c5b80000)
 Metaspace       used 60327K, capacity 62174K, committed 62232K, reserved 1107968K
  class space    used 8456K, capacity 8997K, committed 9008K, reserved 1048576K
Event: 35.370 GC heap after
Heap after GC invocations=23 (full 5):
 PSYoungGen      total 112640K, used 3546K [0x00000000eab00000, 0x00000000f2b80000, 0x0000000100000000)
  eden space 99840K, 0% used [0x00000000eab00000,0x00000000eab00000,0x00000000f0c80000)
  from space 12800K, 27% used [0x00000000f1b00000,0x00000000f1e76808,0x00000000f2780000)
  to   space 14848K, 0% used [0x00000000f0c80000,0x00000000f0c80000,0x00000000f1b00000)
 ParOldGen       total 93696K, used 37616K [0x00000000c0000000, 0x00000000c5b80000, 0x00000000eab00000)
  object space 93696K, 40% used [0x00000000c0000000,0x00000000c24bc1f8,0x00000000c5b80000)
 Metaspace       used 60327K, capacity 62174K, committed 62232K, reserved 1107968K
  class space    used 8456K, capacity 8997K, committed 9008K, reserved 1048576K
}
Event: 35.370 GC heap before
{Heap before GC invocations=24 (full 6):
 PSYoungGen      total 112640K, used 3546K [0x00000000eab00000, 0x00000000f2b80000, 0x0000000100000000)
  eden space 99840K, 0% used [0x00000000eab00000,0x00000000eab00000,0x00000000f0c80000)
  from space 12800K, 27% used [0x00000000f1b00000,0x00000000f1e76808,0x00000000f2780000)
  to   space 14848K, 0% used [0x00000000f0c80000,0x00000000f0c80000,0x00000000f1b00000)
 ParOldGen       total 93696K, used 37616K [0x00000000c0000000, 0x00000000c5b80000, 0x00000000eab00000)
  object space 93696K, 40% used [0x00000000c0000000,0x00000000c24bc1f8,0x00000000c5b80000)
 Metaspace       used 60327K, capacity 62174K, committed 62232K, reserved 1107968K
  class space    used 8456K, capacity 8997K, committed 9008K, reserved 1048576K

