# JRE version: Java(TM) SE Runtime Environment (8.0_181-b13) (build 1.8.0_181-b13)
# Java VM: Java HotSpot(TM) 64-Bit Server VM (25.181-b13 mixed mode windows-amd64 compressed oops)
Heap:
 PSYoungGen      total 32768K, used 16689K [0x00000000eab00000, 0x00000000edf80000, 0x0000000100000000)
  eden space 29184K, 45% used [0x00000000eab00000,0x00000000eb7f4628,0x00000000ec780000)
  from space 3584K, 95% used [0x00000000ec800000,0x00000000ecb58000,0x00000000ecb80000)
  to   space 12288K, 0% used [0x00000000ed380000,0x00000000ed380000,0x00000000edf80000)
 ParOldGen       total 84480K, used 47915K [0x00000000c0000000, 0x00000000c5280000, 0x00000000eab00000)
  object space 84480K, 56% used [0x00000000c0000000,0x00000000c2ecaf48,0x00000000c5280000)
 Metaspace       used 71032K, capacity 74546K, committed 74648K, reserved 1114112K
  class space    used 9335K, capacity 10063K, committed 10160K, reserved 1048576K
GC Heap History (10 events):
Event: 16762.362 GC heap before
{Heap before GC invocations=54 (full 3):
 PSYoungGen      total 43008K, used 35870K [0x00000000eab00000, 0x00000000ee280000, 0x0000000100000000)
  eden space 31232K, 100% used [0x00000000eab00000,0x00000000ec980000,0x00000000ec980000)
  from space 11776K, 39% used [0x00000000ed700000,0x00000000edb87980,0x00000000ee280000)
  to   space 12800K, 0% used [0x00000000ec980000,0x00000000ec980000,0x00000000ed600000)
 ParOldGen       total 84480K, used 45661K [0x00000000c0000000, 0x00000000c5280000, 0x00000000eab00000)
  object space 84480K, 54% used [0x00000000c0000000,0x00000000c2c975d8,0x00000000c5280000)
 Metaspace       used 70874K, capacity 74414K, committed 74648K, reserved 1114112K
  class space    used 9333K, capacity 10063K, committed 10160K, reserved 1048576K
Event: 16762.372 GC heap after
Heap after GC invocations=54 (full 3):
 PSYoungGen      total 43520K, used 8444K [0x00000000eab00000, 0x00000000ee300000, 0x0000000100000000)
  eden space 30720K, 0% used [0x00000000eab00000,0x00000000eab00000,0x00000000ec900000)
  from space 12800K, 65% used [0x00000000ec980000,0x00000000ed1bf068,0x00000000ed600000)
  to   space 13312K, 0% used [0x00000000ed600000,0x00000000ed600000,0x00000000ee300000)
 ParOldGen       total 84480K, used 45669K [0x00000000c0000000, 0x00000000c5280000, 0x00000000eab00000)
  object space 84480K, 54% used [0x00000000c0000000,0x00000000c2c995d8,0x00000000c5280000)
 Metaspace       used 70874K, capacity 74414K, committed 74648K, reserved 1114112K
  class space    used 9333K, capacity 10063K, committed 10160K, reserved 1048576K
}
Event: 16949.444 GC heap before
{Heap before GC invocations=55 (full 3):
 PSYoungGen      total 43520K, used 39164K [0x00000000eab00000, 0x00000000ee300000, 0x0000000100000000)
  eden space 30720K, 100% used [0x00000000eab00000,0x00000000ec900000,0x00000000ec900000)
  from space 12800K, 65% used [0x00000000ec980000,0x00000000ed1bf068,0x00000000ed600000)
  to   space 13312K, 0% used [0x00000000ed600000,0x00000000ed600000,0x00000000ee300000)
 ParOldGen       total 84480K, used 45669K [0x00000000c0000000, 0x00000000c5280000, 0x00000000eab00000)
  object space 84480K, 54% used [0x00000000c0000000,0x00000000c2c995d8,0x00000000c5280000)
 Metaspace       used 70918K, capacity 74414K, committed 74648K, reserved 1114112K
  class space    used 9334K, capacity 10063K, committed 10160K, reserved 1048576K
Event: 16949.453 GC heap after
Heap after GC invocations=55 (full 3):
 PSYoungGen      total 41984K, used 3152K [0x00000000eab00000, 0x00000000ee180000, 0x0000000100000000)
  eden space 30208K, 0% used [0x00000000eab00000,0x00000000eab00000,0x00000000ec880000)
  from space 11776K, 26% used [0x00000000ed600000,0x00000000ed914058,0x00000000ee180000)
  to   space 12800K, 0% used [0x00000000ec880000,0x00000000ec880000,0x00000000ed500000)
 ParOldGen       total 84480K, used 45733K [0x00000000c0000000, 0x00000000c5280000, 0x00000000eab00000)
  object space 84480K, 54% used [0x00000000c0000000,0x00000000c2ca95d8,0x00000000c5280000)
 Metaspace       used 70918K, capacity 74414K, committed 74648K, reserved 1114112K
  class space    used 9334K, capacity 10063K, committed 10160K, reserved 1048576K
}
Event: 16949.757 GC heap before
{Heap before GC invocations=56 (full 3):
 PSYoungGen      total 41984K, used 33360K [0x00000000eab00000, 0x00000000ee180000, 0x0000000100000000)
  eden space 30208K, 100% used [0x00000000eab00000,0x00000000ec880000,0x00000000ec880000)
  from space 11776K, 26% used [0x00000000ed600000,0x00000000ed914058,0x00000000ee180000)
  to   space 12800K, 0% used [0x00000000ec880000,0x00000000ec880000,0x00000000ed500000)
 ParOldGen       total 84480K, used 45733K [0x00000000c0000000, 0x00000000c5280000, 0x00000000eab00000)
  object space 84480K, 54% used [0x00000000c0000000,0x00000000c2ca95d8,0x00000000c5280000)
 Metaspace       used 70960K, capacity 74482K, committed 74648K, reserved 1114112K
  class space    used 9334K, capacity 10063K, committed 10160K, reserved 1048576K
Event: 16949.766 GC heap after
Heap after GC invocations=56 (full 3):
 PSYoungGen      total 37888K, used 8033K [0x00000000eab00000, 0x00000000ee100000, 0x0000000100000000)
  eden space 29696K, 0% used [0x00000000eab00000,0x00000000eab00000,0x00000000ec800000)
  from space 8192K, 98% used [0x00000000ec880000,0x00000000ed058730,0x00000000ed080000)
  to   space 12800K, 0% used [0x00000000ed480000,0x00000000ed480000,0x00000000ee100000)
 ParOldGen       total 84480K, used 45773K [0x00000000c0000000, 0x00000000c5280000, 0x00000000eab00000)
  object space 84480K, 54% used [0x00000000c0000000,0x00000000c2cb35d8,0x00000000c5280000)
 Metaspace       used 70960K, capacity 74482K, committed 74648K, reserved 1114112K
  class space    used 9334K, capacity 10063K, committed 10160K, reserved 1048576K
}
Event: 16950.407 GC heap before
{Heap before GC invocations=57 (full 3):
 PSYoungGen      total 37888K, used 37729K [0x00000000eab00000, 0x00000000ee100000, 0x0000000100000000)
  eden space 29696K, 100% used [0x00000000eab00000,0x00000000ec800000,0x00000000ec800000)
  from space 8192K, 98% used [0x00000000ec880000,0x00000000ed058730,0x00000000ed080000)
  to   space 12800K, 0% used [0x00000000ed480000,0x00000000ed480000,0x00000000ee100000)
 ParOldGen       total 84480K, used 45773K [0x00000000c0000000, 0x00000000c5280000, 0x00000000eab00000)
  object space 84480K, 54% used [0x00000000c0000000,0x00000000c2cb35d8,0x00000000c5280000)
 Metaspace       used 70972K, capacity 74482K, committed 74648K, reserved 1114112K
  class space    used 9334K, capacity 10063K, committed 10160K, reserved 1048576K
Event: 16950.417 GC heap after
Heap after GC invocations=57 (full 3):
 PSYoungGen      total 42496K, used 6864K [0x00000000eab00000, 0x00000000ee500000, 0x0000000100000000)
  eden space 29696K, 0% used [0x00000000eab00000,0x00000000eab00000,0x00000000ec800000)
  from space 12800K, 53% used [0x00000000ed480000,0x00000000edb34010,0x00000000ee100000)
  to   space 12800K, 0% used [0x00000000ec800000,0x00000000ec800000,0x00000000ed480000)
 ParOldGen       total 84480K, used 47779K [0x00000000c0000000, 0x00000000c5280000, 0x00000000eab00000)
  object space 84480K, 56% used [0x00000000c0000000,0x00000000c2ea8f48,0x00000000c5280000)
 Metaspace       used 70972K, capacity 74482K, committed 74648K, reserved 1114112K
  class space    used 9334K, capacity 10063K, committed 10160K, reserved 1048576K
}
Event: 17356.319 GC heap before
{Heap before GC invocations=58 (full 3):
 PSYoungGen      total 42496K, used 36560K [0x00000000eab00000, 0x00000000ee500000, 0x0000000100000000)
  eden space 29696K, 100% used [0x00000000eab00000,0x00000000ec800000,0x00000000ec800000)
  from space 12800K, 53% used [0x00000000ed480000,0x00000000edb34010,0x00000000ee100000)
  to   space 12800K, 0% used [0x00000000ec800000,0x00000000ec800000,0x00000000ed480000)
 ParOldGen       total 84480K, used 47779K [0x00000000c0000000, 0x00000000c5280000, 0x00000000eab00000)
  object space 84480K, 56% used [0x00000000c0000000,0x00000000c2ea8f48,0x00000000c5280000)
 Metaspace       used 71023K, capacity 74546K, committed 74648K, reserved 1114112K
  class space    used 9335K, capacity 10063K, committed 10160K, reserved 1048576K
Event: 17356.324 GC heap after
Heap after GC invocations=58 (full 3):
 PSYoungGen      total 32768K, used 3424K [0x00000000eab00000, 0x00000000edf80000, 0x0000000100000000)
  eden space 29184K, 0% used [0x00000000eab00000,0x00000000eab00000,0x00000000ec780000)
  from space 3584K, 95% used [0x00000000ec800000,0x00000000ecb58000,0x00000000ecb80000)
  to   space 12288K, 0% used [0x00000000ed380000,0x00000000ed380000,0x00000000edf80000)
 ParOldGen       total 84480K, used 47915K [0x00000000c0000000, 0x00000000c5280000, 0x00000000eab00000)
  object space 84480K, 56% used [0x00000000c0000000,0x00000000c2ecaf48,0x00000000c5280000)
 Metaspace       used 71023K, capacity 74546K, committed 74648K, reserved 1114112K
  class space    used 9335K, capacity 10063K, committed 10160K, reserved 1048576K
}

