# JRE version: Java(TM) SE Runtime Environment (8.0_181-b13) (build 1.8.0_181-b13)
# Java VM: Java HotSpot(TM) 64-Bit Server VM (25.181-b13 mixed mode windows-amd64 compressed oops)
Heap:
 PSYoungGen      total 106496K, used 79213K [0x00000000eab00000, 0x00000000f3000000, 0x0000000100000000)
  eden space 93696K, 70% used [0x00000000eab00000,0x00000000eebdd530,0x00000000f0680000)
  from space 12800K, 99% used [0x00000000f0680000,0x00000000f12fdfa8,0x00000000f1300000)
  to   space 15360K, 0% used [0x00000000f2100000,0x00000000f2100000,0x00000000f3000000)
 ParOldGen       total 100864K, used 18200K [0x00000000c0000000, 0x00000000c6280000, 0x00000000eab00000)
  object space 100864K, 18% used [0x00000000c0000000,0x00000000c11c6238,0x00000000c6280000)
 Metaspace       used 54044K, capacity 55242K, committed 55472K, reserved 1099776K
  class space    used 7495K, capacity 7827K, committed 7856K, reserved 1048576K
GC Heap History (10 events):
Event: 4.968 GC heap before
{Heap before GC invocations=9 (full 1):
 PSYoungGen      total 70656K, used 66561K [0x00000000eab00000, 0x00000000f0700000, 0x0000000100000000)
  eden space 59904K, 99% used [0x00000000eab00000,0x00000000ee574038,0x00000000ee580000)
  from space 10752K, 62% used [0x00000000ee580000,0x00000000eec0c518,0x00000000ef000000)
  to   space 10240K, 0% used [0x00000000efd00000,0x00000000efd00000,0x00000000f0700000)
 ParOldGen       total 62976K, used 8826K [0x00000000c0000000, 0x00000000c3d80000, 0x00000000eab00000)
  object space 62976K, 14% used [0x00000000c0000000,0x00000000c089e810,0x00000000c3d80000)
 Metaspace       used 30604K, capacity 31102K, committed 31408K, reserved 1077248K
  class space    used 4342K, capacity 4508K, committed 4528K, reserved 1048576K
Event: 4.982 GC heap after
Heap after GC invocations=9 (full 1):
 PSYoungGen      total 82944K, used 9014K [0x00000000eab00000, 0x00000000f1800000, 0x0000000100000000)
  eden space 72704K, 0% used [0x00000000eab00000,0x00000000eab00000,0x00000000ef200000)
  from space 10240K, 88% used [0x00000000efd00000,0x00000000f05cd828,0x00000000f0700000)
  to   space 11264K, 0% used [0x00000000ef200000,0x00000000ef200000,0x00000000efd00000)
 ParOldGen       total 62976K, used 8826K [0x00000000c0000000, 0x00000000c3d80000, 0x00000000eab00000)
  object space 62976K, 14% used [0x00000000c0000000,0x00000000c089e810,0x00000000c3d80000)
 Metaspace       used 30604K, capacity 31102K, committed 31408K, reserved 1077248K
  class space    used 4342K, capacity 4508K, committed 4528K, reserved 1048576K
}
Event: 5.537 GC heap before
{Heap before GC invocations=10 (full 1):
 PSYoungGen      total 82944K, used 39466K [0x00000000eab00000, 0x00000000f1800000, 0x0000000100000000)
  eden space 72704K, 41% used [0x00000000eab00000,0x00000000ec8bd190,0x00000000ef200000)
  from space 10240K, 88% used [0x00000000efd00000,0x00000000f05cd828,0x00000000f0700000)
  to   space 11264K, 0% used [0x00000000ef200000,0x00000000ef200000,0x00000000efd00000)
 ParOldGen       total 62976K, used 8826K [0x00000000c0000000, 0x00000000c3d80000, 0x00000000eab00000)
  object space 62976K, 14% used [0x00000000c0000000,0x00000000c089e810,0x00000000c3d80000)
 Metaspace       used 34712K, capacity 35276K, committed 35496K, reserved 1079296K
  class space    used 4881K, capacity 5110K, committed 5168K, reserved 1048576K
Event: 5.551 GC heap after
Heap after GC invocations=10 (full 1):
 PSYoungGen      total 83968K, used 9566K [0x00000000eab00000, 0x00000000f1f80000, 0x0000000100000000)
  eden space 72704K, 0% used [0x00000000eab00000,0x00000000eab00000,0x00000000ef200000)
  from space 11264K, 84% used [0x00000000ef200000,0x00000000efb57a88,0x00000000efd00000)
  to   space 11776K, 0% used [0x00000000f1400000,0x00000000f1400000,0x00000000f1f80000)
 ParOldGen       total 62976K, used 8834K [0x00000000c0000000, 0x00000000c3d80000, 0x00000000eab00000)
  object space 62976K, 14% used [0x00000000c0000000,0x00000000c08a0810,0x00000000c3d80000)
 Metaspace       used 34712K, capacity 35276K, committed 35496K, reserved 1079296K
  class space    used 4881K, capacity 5110K, committed 5168K, reserved 1048576K
}
Event: 5.551 GC heap before
{Heap before GC invocations=11 (full 2):
 PSYoungGen      total 83968K, used 9566K [0x00000000eab00000, 0x00000000f1f80000, 0x0000000100000000)
  eden space 72704K, 0% used [0x00000000eab00000,0x00000000eab00000,0x00000000ef200000)
  from space 11264K, 84% used [0x00000000ef200000,0x00000000efb57a88,0x00000000efd00000)
  to   space 11776K, 0% used [0x00000000f1400000,0x00000000f1400000,0x00000000f1f80000)
 ParOldGen       total 62976K, used 8834K [0x00000000c0000000, 0x00000000c3d80000, 0x00000000eab00000)
  object space 62976K, 14% used [0x00000000c0000000,0x00000000c08a0810,0x00000000c3d80000)
 Metaspace       used 34712K, capacity 35276K, committed 35496K, reserved 1079296K
  class space    used 4881K, capacity 5110K, committed 5168K, reserved 1048576K
Event: 5.680 GC heap after
Heap after GC invocations=11 (full 2):
 PSYoungGen      total 83968K, used 0K [0x00000000eab00000, 0x00000000f1f80000, 0x0000000100000000)
  eden space 72704K, 0% used [0x00000000eab00000,0x00000000eab00000,0x00000000ef200000)
  from space 11264K, 0% used [0x00000000ef200000,0x00000000ef200000,0x00000000efd00000)
  to   space 11776K, 0% used [0x00000000f1400000,0x00000000f1400000,0x00000000f1f80000)
 ParOldGen       total 100864K, used 16172K [0x00000000c0000000, 0x00000000c6280000, 0x00000000eab00000)
  object space 100864K, 16% used [0x00000000c0000000,0x00000000c0fcb190,0x00000000c6280000)
 Metaspace       used 34712K, capacity 35276K, committed 35496K, reserved 1079296K
  class space    used 4881K, capacity 5110K, committed 5168K, reserved 1048576K
}
Event: 6.682 GC heap before
{Heap before GC invocations=12 (full 2):
 PSYoungGen      total 83968K, used 72704K [0x00000000eab00000, 0x00000000f1f80000, 0x0000000100000000)
  eden space 72704K, 100% used [0x00000000eab00000,0x00000000ef200000,0x00000000ef200000)
  from space 11264K, 0% used [0x00000000ef200000,0x00000000ef200000,0x00000000efd00000)
  to   space 11776K, 0% used [0x00000000f1400000,0x00000000f1400000,0x00000000f1f80000)
 ParOldGen       total 100864K, used 16172K [0x00000000c0000000, 0x00000000c6280000, 0x00000000eab00000)
  object space 100864K, 16% used [0x00000000c0000000,0x00000000c0fcb190,0x00000000c6280000)
 Metaspace       used 41410K, capacity 42136K, committed 42416K, reserved 1085440K
  class space    used 5711K, capacity 5996K, committed 6064K, reserved 1048576K
Event: 6.694 GC heap after
Heap after GC invocations=12 (full 2):
 PSYoungGen      total 99840K, used 11462K [0x00000000eab00000, 0x00000000f1f80000, 0x0000000100000000)
  eden space 88064K, 0% used [0x00000000eab00000,0x00000000eab00000,0x00000000f0100000)
  from space 11776K, 97% used [0x00000000f1400000,0x00000000f1f31800,0x00000000f1f80000)
  to   space 12800K, 0% used [0x00000000f0680000,0x00000000f0680000,0x00000000f1300000)
 ParOldGen       total 100864K, used 16180K [0x00000000c0000000, 0x00000000c6280000, 0x00000000eab00000)
  object space 100864K, 16% used [0x00000000c0000000,0x00000000c0fcd190,0x00000000c6280000)
 Metaspace       used 41410K, capacity 42136K, committed 42416K, reserved 1085440K
  class space    used 5711K, capacity 5996K, committed 6064K, reserved 1048576K
}
Event: 8.216 GC heap before
{Heap before GC invocations=13 (full 2):
 PSYoungGen      total 99840K, used 99526K [0x00000000eab00000, 0x00000000f1f80000, 0x0000000100000000)
  eden space 88064K, 100% used [0x00000000eab00000,0x00000000f0100000,0x00000000f0100000)
  from space 11776K, 97% used [0x00000000f1400000,0x00000000f1f31800,0x00000000f1f80000)
  to   space 12800K, 0% used [0x00000000f0680000,0x00000000f0680000,0x00000000f1300000)
 ParOldGen       total 100864K, used 16180K [0x00000000c0000000, 0x00000000c6280000, 0x00000000eab00000)
  object space 100864K, 16% used [0x00000000c0000000,0x00000000c0fcd190,0x00000000c6280000)
 Metaspace       used 48527K, capacity 49434K, committed 49840K, reserved 1091584K
  class space    used 6678K, capacity 6975K, committed 7088K, reserved 1048576K
Event: 8.233 GC heap after
Heap after GC invocations=13 (full 2):
 PSYoungGen      total 106496K, used 12791K [0x00000000eab00000, 0x00000000f3000000, 0x0000000100000000)
  eden space 93696K, 0% used [0x00000000eab00000,0x00000000eab00000,0x00000000f0680000)
  from space 12800K, 99% used [0x00000000f0680000,0x00000000f12fdfa8,0x00000000f1300000)
  to   space 15360K, 0% used [0x00000000f2100000,0x00000000f2100000,0x00000000f3000000)
 ParOldGen       total 100864K, used 18200K [0x00000000c0000000, 0x00000000c6280000, 0x00000000eab00000)
  object space 100864K, 18% used [0x00000000c0000000,0x00000000c11c6238,0x00000000c6280000)
 Metaspace       used 48527K, capacity 49434K, committed 49840K, reserved 1091584K
  class space    used 6678K, capacity 6975K, committed 7088K, reserved 1048576K
}

