# JRE version: Java(TM) SE Runtime Environment (8.0_181-b13) (build 1.8.0_181-b13)
# Java VM: Java HotSpot(TM) 64-Bit Server VM (25.181-b13 mixed mode windows-amd64 compressed oops)
Heap:
 PSYoungGen      total 141312K, used 61551K [0x00000000eab00000, 0x00000000f5580000, 0x0000000100000000)
  eden space 130048K, 38% used [0x00000000eab00000,0x00000000edc59df0,0x00000000f2a00000)
  from space 11264K, 97% used [0x00000000f3f80000,0x00000000f4a42040,0x00000000f4a80000)
  to   space 11264K, 0% used [0x00000000f4a80000,0x00000000f4a80000,0x00000000f5580000)
 ParOldGen       total 156160K, used 36263K [0x00000000c0000000, 0x00000000c9880000, 0x00000000eab00000)
  object space 156160K, 23% used [0x00000000c0000000,0x00000000c2369ea8,0x00000000c9880000)
 Metaspace       used 66346K, capacity 69291K, committed 69400K, reserved 1110016K
  class space    used 8793K, capacity 9460K, committed 9520K, reserved 1048576K
GC Heap History (10 events):
Event: 12.249 GC heap before
{Heap before GC invocations=16 (full 3):
 PSYoungGen      total 131584K, used 10993K [0x00000000eab00000, 0x00000000f5900000, 0x0000000100000000)
  eden space 114176K, 0% used [0x00000000eab00000,0x00000000eab00000,0x00000000f1a80000)
  from space 17408K, 63% used [0x00000000f1a80000,0x00000000f253c588,0x00000000f2b80000)
  to   space 17408K, 0% used [0x00000000f4800000,0x00000000f4800000,0x00000000f5900000)
 ParOldGen       total 100864K, used 31750K [0x00000000c0000000, 0x00000000c6280000, 0x00000000eab00000)
  object space 100864K, 31% used [0x00000000c0000000,0x00000000c1f01af8,0x00000000c6280000)
 Metaspace       used 57292K, capacity 59061K, committed 59160K, reserved 1099776K
  class space    used 8012K, capacity 8496K, committed 8496K, reserved 1048576K
Event: 12.522 GC heap after
Heap after GC invocations=16 (full 3):
 PSYoungGen      total 131584K, used 0K [0x00000000eab00000, 0x00000000f5900000, 0x0000000100000000)
  eden space 114176K, 0% used [0x00000000eab00000,0x00000000eab00000,0x00000000f1a80000)
  from space 17408K, 0% used [0x00000000f1a80000,0x00000000f1a80000,0x00000000f2b80000)
  to   space 17408K, 0% used [0x00000000f4800000,0x00000000f4800000,0x00000000f5900000)
 ParOldGen       total 156160K, used 36231K [0x00000000c0000000, 0x00000000c9880000, 0x00000000eab00000)
  object space 156160K, 23% used [0x00000000c0000000,0x00000000c2361ea8,0x00000000c9880000)
 Metaspace       used 57292K, capacity 59061K, committed 59160K, reserved 1099776K
  class space    used 8012K, capacity 8496K, committed 8496K, reserved 1048576K
}
Event: 14.717 GC heap before
{Heap before GC invocations=17 (full 3):
 PSYoungGen      total 131584K, used 114176K [0x00000000eab00000, 0x00000000f5900000, 0x0000000100000000)
  eden space 114176K, 100% used [0x00000000eab00000,0x00000000f1a80000,0x00000000f1a80000)
  from space 17408K, 0% used [0x00000000f1a80000,0x00000000f1a80000,0x00000000f2b80000)
  to   space 17408K, 0% used [0x00000000f4800000,0x00000000f4800000,0x00000000f5900000)
 ParOldGen       total 156160K, used 36231K [0x00000000c0000000, 0x00000000c9880000, 0x00000000eab00000)
  object space 156160K, 23% used [0x00000000c0000000,0x00000000c2361ea8,0x00000000c9880000)
 Metaspace       used 60437K, capacity 62239K, committed 62360K, reserved 1103872K
  class space    used 8374K, capacity 8874K, committed 8880K, reserved 1048576K
Event: 14.726 GC heap after
Heap after GC invocations=17 (full 3):
 PSYoungGen      total 144896K, used 8723K [0x00000000eab00000, 0x00000000f5100000, 0x0000000100000000)
  eden space 135680K, 0% used [0x00000000eab00000,0x00000000eab00000,0x00000000f2f80000)
  from space 9216K, 94% used [0x00000000f4800000,0x00000000f5084f68,0x00000000f5100000)
  to   space 16384K, 0% used [0x00000000f3100000,0x00000000f3100000,0x00000000f4100000)
 ParOldGen       total 156160K, used 36239K [0x00000000c0000000, 0x00000000c9880000, 0x00000000eab00000)
  object space 156160K, 23% used [0x00000000c0000000,0x00000000c2363ea8,0x00000000c9880000)
 Metaspace       used 60437K, capacity 62239K, committed 62360K, reserved 1103872K
  class space    used 8374K, capacity 8874K, committed 8880K, reserved 1048576K
}
Event: 574.270 GC heap before
{Heap before GC invocations=18 (full 3):
 PSYoungGen      total 144896K, used 144403K [0x00000000eab00000, 0x00000000f5100000, 0x0000000100000000)
  eden space 135680K, 100% used [0x00000000eab00000,0x00000000f2f80000,0x00000000f2f80000)
  from space 9216K, 94% used [0x00000000f4800000,0x00000000f5084f68,0x00000000f5100000)
  to   space 16384K, 0% used [0x00000000f3100000,0x00000000f3100000,0x00000000f4100000)
 ParOldGen       total 156160K, used 36239K [0x00000000c0000000, 0x00000000c9880000, 0x00000000eab00000)
  object space 156160K, 23% used [0x00000000c0000000,0x00000000c2363ea8,0x00000000c9880000)
 Metaspace       used 64605K, capacity 66745K, committed 66840K, reserved 1107968K
  class space    used 8649K, capacity 9209K, committed 9264K, reserved 1048576K
Event: 574.285 GC heap after
Heap after GC invocations=18 (full 3):
 PSYoungGen      total 153600K, used 13221K [0x00000000eab00000, 0x00000000f6600000, 0x0000000100000000)
  eden space 137216K, 0% used [0x00000000eab00000,0x00000000eab00000,0x00000000f3100000)
  from space 16384K, 80% used [0x00000000f3100000,0x00000000f3de94b8,0x00000000f4100000)
  to   space 17408K, 0% used [0x00000000f5500000,0x00000000f5500000,0x00000000f6600000)
 ParOldGen       total 156160K, used 36247K [0x00000000c0000000, 0x00000000c9880000, 0x00000000eab00000)
  object space 156160K, 23% used [0x00000000c0000000,0x00000000c2365ea8,0x00000000c9880000)
 Metaspace       used 64605K, capacity 66745K, committed 66840K, reserved 1107968K
  class space    used 8649K, capacity 9209K, committed 9264K, reserved 1048576K
}
Event: 3201.581 GC heap before
{Heap before GC invocations=19 (full 3):
 PSYoungGen      total 153600K, used 150437K [0x00000000eab00000, 0x00000000f6600000, 0x0000000100000000)
  eden space 137216K, 100% used [0x00000000eab00000,0x00000000f3100000,0x00000000f3100000)
  from space 16384K, 80% used [0x00000000f3100000,0x00000000f3de94b8,0x00000000f4100000)
  to   space 17408K, 0% used [0x00000000f5500000,0x00000000f5500000,0x00000000f6600000)
 ParOldGen       total 156160K, used 36247K [0x00000000c0000000, 0x00000000c9880000, 0x00000000eab00000)
  object space 156160K, 23% used [0x00000000c0000000,0x00000000c2365ea8,0x00000000c9880000)
 Metaspace       used 65447K, capacity 67959K, committed 68248K, reserved 1107968K
  class space    used 8715K, capacity 9324K, committed 9392K, reserved 1048576K
Event: 3201.601 GC heap after
Heap after GC invocations=19 (full 3):
 PSYoungGen      total 147456K, used 13448K [0x00000000eab00000, 0x00000000f6280000, 0x0000000100000000)
  eden space 133632K, 0% used [0x00000000eab00000,0x00000000eab00000,0x00000000f2d80000)
  from space 13824K, 97% used [0x00000000f5500000,0x00000000f6222040,0x00000000f6280000)
  to   space 17920K, 0% used [0x00000000f3f80000,0x00000000f3f80000,0x00000000f5100000)
 ParOldGen       total 156160K, used 36255K [0x00000000c0000000, 0x00000000c9880000, 0x00000000eab00000)
  object space 156160K, 23% used [0x00000000c0000000,0x00000000c2367ea8,0x00000000c9880000)
 Metaspace       used 65447K, capacity 67959K, committed 68248K, reserved 1107968K
  class space    used 8715K, capacity 9324K, committed 9392K, reserved 1048576K
}
Event: 3601.807 GC heap before
{Heap before GC invocations=20 (full 3):
 PSYoungGen      total 147456K, used 147080K [0x00000000eab00000, 0x00000000f6280000, 0x0000000100000000)
  eden space 133632K, 100% used [0x00000000eab00000,0x00000000f2d80000,0x00000000f2d80000)
  from space 13824K, 97% used [0x00000000f5500000,0x00000000f6222040,0x00000000f6280000)
  to   space 17920K, 0% used [0x00000000f3f80000,0x00000000f3f80000,0x00000000f5100000)
 ParOldGen       total 156160K, used 36255K [0x00000000c0000000, 0x00000000c9880000, 0x00000000eab00000)
  object space 156160K, 23% used [0x00000000c0000000,0x00000000c2367ea8,0x00000000c9880000)
 Metaspace       used 66003K, capacity 68725K, committed 68760K, reserved 1107968K
  class space    used 8752K, capacity 9387K, committed 9392K, reserved 1048576K
Event: 3601.825 GC heap after
Heap after GC invocations=20 (full 3):
 PSYoungGen      total 141312K, used 11016K [0x00000000eab00000, 0x00000000f5580000, 0x0000000100000000)
  eden space 130048K, 0% used [0x00000000eab00000,0x00000000eab00000,0x00000000f2a00000)
  from space 11264K, 97% used [0x00000000f3f80000,0x00000000f4a42040,0x00000000f4a80000)
  to   space 11264K, 0% used [0x00000000f4a80000,0x00000000f4a80000,0x00000000f5580000)
 ParOldGen       total 156160K, used 36263K [0x00000000c0000000, 0x00000000c9880000, 0x00000000eab00000)
  object space 156160K, 23% used [0x00000000c0000000,0x00000000c2369ea8,0x00000000c9880000)
 Metaspace       used 66003K, capacity 68725K, committed 68760K, reserved 1107968K
  class space    used 8752K, capacity 9387K, committed 9392K, reserved 1048576K
}

