# JRE version: Java(TM) SE Runtime Environment (8.0_181-b13) (build 1.8.0_181-b13)
# Java VM: Java HotSpot(TM) 64-Bit Server VM (25.181-b13 mixed mode windows-amd64 compressed oops)
Heap:
 PSYoungGen      total 314368K, used 18065K [0x00000000eab00000, 0x0000000100000000, 0x0000000100000000)
  eden space 282112K, 3% used [0x00000000eab00000,0x00000000eb56bef8,0x00000000fbe80000)
  from space 32256K, 22% used [0x00000000fbe80000,0x00000000fc5b8828,0x00000000fde00000)
  to   space 32256K, 0% used [0x00000000fe080000,0x00000000fe080000,0x0000000100000000)
 ParOldGen       total 142848K, used 120387K [0x00000000c0000000, 0x00000000c8b80000, 0x00000000eab00000)
  object space 142848K, 84% used [0x00000000c0000000,0x00000000c7590d98,0x00000000c8b80000)
 Metaspace       used 70574K, capacity 72998K, committed 73136K, reserved 1112064K
  class space    used 9519K, capacity 10063K, committed 10160K, reserved 1048576K
GC Heap History (10 events):
Event: 22.293 GC heap before
{Heap before GC invocations=26 (full 3):
 PSYoungGen      total 307712K, used 282369K [0x00000000eab00000, 0x00000000ffd00000, 0x0000000100000000)
  eden space 272384K, 100% used [0x00000000eab00000,0x00000000fb500000,0x00000000fb500000)
  from space 35328K, 28% used [0x00000000fda80000,0x00000000fe440678,0x00000000ffd00000)
  to   space 36864K, 0% used [0x00000000fb500000,0x00000000fb500000,0x00000000fd900000)
 ParOldGen       total 142848K, used 112282K [0x00000000c0000000, 0x00000000c8b80000, 0x00000000eab00000)
  object space 142848K, 78% used [0x00000000c0000000,0x00000000c6da6b48,0x00000000c8b80000)
 Metaspace       used 70377K, capacity 72680K, committed 72752K, reserved 1112064K
  class space    used 9506K, capacity 10026K, committed 10032K, reserved 1048576K
Event: 22.313 GC heap after
Heap after GC invocations=26 (full 3):
 PSYoungGen      total 309248K, used 17042K [0x00000000eab00000, 0x00000000ffe80000, 0x0000000100000000)
  eden space 272384K, 0% used [0x00000000eab00000,0x00000000eab00000,0x00000000fb500000)
  from space 36864K, 46% used [0x00000000fb500000,0x00000000fc5a4908,0x00000000fd900000)
  to   space 35328K, 0% used [0x00000000fdc00000,0x00000000fdc00000,0x00000000ffe80000)
 ParOldGen       total 142848K, used 112290K [0x00000000c0000000, 0x00000000c8b80000, 0x00000000eab00000)
  object space 142848K, 78% used [0x00000000c0000000,0x00000000c6da8b48,0x00000000c8b80000)
 Metaspace       used 70377K, capacity 72680K, committed 72752K, reserved 1112064K
  class space    used 9506K, capacity 10026K, committed 10032K, reserved 1048576K
}
Event: 23.021 GC heap before
{Heap before GC invocations=27 (full 3):
 PSYoungGen      total 309248K, used 289426K [0x00000000eab00000, 0x00000000ffe80000, 0x0000000100000000)
  eden space 272384K, 100% used [0x00000000eab00000,0x00000000fb500000,0x00000000fb500000)
  from space 36864K, 46% used [0x00000000fb500000,0x00000000fc5a4908,0x00000000fd900000)
  to   space 35328K, 0% used [0x00000000fdc00000,0x00000000fdc00000,0x00000000ffe80000)
 ParOldGen       total 142848K, used 112290K [0x00000000c0000000, 0x00000000c8b80000, 0x00000000eab00000)
  object space 142848K, 78% used [0x00000000c0000000,0x00000000c6da8b48,0x00000000c8b80000)
 Metaspace       used 70382K, capacity 72680K, committed 72752K, reserved 1112064K
  class space    used 9506K, capacity 10026K, committed 10032K, reserved 1048576K
Event: 23.054 GC heap after
Heap after GC invocations=27 (full 3):
 PSYoungGen      total 309248K, used 18443K [0x00000000eab00000, 0x00000000ffb80000, 0x0000000100000000)
  eden space 276992K, 0% used [0x00000000eab00000,0x00000000eab00000,0x00000000fb980000)
  from space 32256K, 57% used [0x00000000fdc00000,0x00000000fee02e08,0x00000000ffb80000)
  to   space 33792K, 0% used [0x00000000fb980000,0x00000000fb980000,0x00000000fda80000)
 ParOldGen       total 142848K, used 112290K [0x00000000c0000000, 0x00000000c8b80000, 0x00000000eab00000)
  object space 142848K, 78% used [0x00000000c0000000,0x00000000c6da8b48,0x00000000c8b80000)
 Metaspace       used 70382K, capacity 72680K, committed 72752K, reserved 1112064K
  class space    used 9506K, capacity 10026K, committed 10032K, reserved 1048576K
}
Event: 23.912 GC heap before
{Heap before GC invocations=28 (full 3):
 PSYoungGen      total 309248K, used 295435K [0x00000000eab00000, 0x00000000ffb80000, 0x0000000100000000)
  eden space 276992K, 100% used [0x00000000eab00000,0x00000000fb980000,0x00000000fb980000)
  from space 32256K, 57% used [0x00000000fdc00000,0x00000000fee02e08,0x00000000ffb80000)
  to   space 33792K, 0% used [0x00000000fb980000,0x00000000fb980000,0x00000000fda80000)
 ParOldGen       total 142848K, used 112290K [0x00000000c0000000, 0x00000000c8b80000, 0x00000000eab00000)
  object space 142848K, 78% used [0x00000000c0000000,0x00000000c6da8b48,0x00000000c8b80000)
 Metaspace       used 70386K, capacity 72680K, committed 72752K, reserved 1112064K
  class space    used 9506K, capacity 10026K, committed 10032K, reserved 1048576K
Event: 23.940 GC heap after
Heap after GC invocations=28 (full 3):
 PSYoungGen      total 310784K, used 11573K [0x00000000eab00000, 0x0000000100000000, 0x0000000100000000)
  eden space 276992K, 0% used [0x00000000eab00000,0x00000000eab00000,0x00000000fb980000)
  from space 33792K, 34% used [0x00000000fb980000,0x00000000fc4cd770,0x00000000fda80000)
  to   space 33280K, 0% used [0x00000000fdf80000,0x00000000fdf80000,0x0000000100000000)
 ParOldGen       total 142848K, used 116913K [0x00000000c0000000, 0x00000000c8b80000, 0x00000000eab00000)
  object space 142848K, 81% used [0x00000000c0000000,0x00000000c722c480,0x00000000c8b80000)
 Metaspace       used 70386K, capacity 72680K, committed 72752K, reserved 1112064K
  class space    used 9506K, capacity 10026K, committed 10032K, reserved 1048576K
}
Event: 24.602 GC heap before
{Heap before GC invocations=29 (full 3):
 PSYoungGen      total 310784K, used 288565K [0x00000000eab00000, 0x0000000100000000, 0x0000000100000000)
  eden space 276992K, 100% used [0x00000000eab00000,0x00000000fb980000,0x00000000fb980000)
  from space 33792K, 34% used [0x00000000fb980000,0x00000000fc4cd770,0x00000000fda80000)
  to   space 33280K, 0% used [0x00000000fdf80000,0x00000000fdf80000,0x0000000100000000)
 ParOldGen       total 142848K, used 116913K [0x00000000c0000000, 0x00000000c8b80000, 0x00000000eab00000)
  object space 142848K, 81% used [0x00000000c0000000,0x00000000c722c480,0x00000000c8b80000)
 Metaspace       used 70431K, capacity 72846K, committed 73136K, reserved 1112064K
  class space    used 9512K, capacity 10059K, committed 10160K, reserved 1048576K
Event: 24.624 GC heap after
Heap after GC invocations=29 (full 3):
 PSYoungGen      total 312832K, used 10117K [0x00000000eab00000, 0x00000000ffd80000, 0x0000000100000000)
  eden space 282112K, 0% used [0x00000000eab00000,0x00000000eab00000,0x00000000fbe80000)
  from space 30720K, 32% used [0x00000000fdf80000,0x00000000fe961648,0x00000000ffd80000)
  to   space 32256K, 0% used [0x00000000fbe80000,0x00000000fbe80000,0x00000000fde00000)
 ParOldGen       total 142848K, used 119626K [0x00000000c0000000, 0x00000000c8b80000, 0x00000000eab00000)
  object space 142848K, 83% used [0x00000000c0000000,0x00000000c74d2918,0x00000000c8b80000)
 Metaspace       used 70431K, capacity 72846K, committed 73136K, reserved 1112064K
  class space    used 9512K, capacity 10059K, committed 10160K, reserved 1048576K
}
Event: 27.895 GC heap before
{Heap before GC invocations=30 (full 3):
 PSYoungGen      total 312832K, used 292082K [0x00000000eab00000, 0x00000000ffd80000, 0x0000000100000000)
  eden space 282112K, 99% used [0x00000000eab00000,0x00000000fbe5b5b0,0x00000000fbe80000)
  from space 30720K, 32% used [0x00000000fdf80000,0x00000000fe961648,0x00000000ffd80000)
  to   space 32256K, 0% used [0x00000000fbe80000,0x00000000fbe80000,0x00000000fde00000)
 ParOldGen       total 142848K, used 119626K [0x00000000c0000000, 0x00000000c8b80000, 0x00000000eab00000)
  object space 142848K, 83% used [0x00000000c0000000,0x00000000c74d2918,0x00000000c8b80000)
 Metaspace       used 70574K, capacity 72998K, committed 73136K, reserved 1112064K
  class space    used 9519K, capacity 10063K, committed 10160K, reserved 1048576K
Event: 27.916 GC heap after
Heap after GC invocations=30 (full 3):
 PSYoungGen      total 314368K, used 7394K [0x00000000eab00000, 0x0000000100000000, 0x0000000100000000)
  eden space 282112K, 0% used [0x00000000eab00000,0x00000000eab00000,0x00000000fbe80000)
  from space 32256K, 22% used [0x00000000fbe80000,0x00000000fc5b8828,0x00000000fde00000)
  to   space 32256K, 0% used [0x00000000fe080000,0x00000000fe080000,0x0000000100000000)
 ParOldGen       total 142848K, used 120387K [0x00000000c0000000, 0x00000000c8b80000, 0x00000000eab00000)
  object space 142848K, 84% used [0x00000000c0000000,0x00000000c7590d98,0x00000000c8b80000)
 Metaspace       used 70574K, capacity 72998K, committed 73136K, reserved 1112064K
  class space    used 9519K, capacity 10063K, committed 10160K, reserved 1048576K
}

