# JRE version: Java(TM) SE Runtime Environment (8.0_181-b13) (build 1.8.0_181-b13)
# Java VM: Java HotSpot(TM) 64-Bit Server VM (25.181-b13 mixed mode windows-amd64 compressed oops)
Heap:
 PSYoungGen      total 228352K, used 85818K [0x00000000eab00000, 0x0000000100000000, 0x0000000100000000)
  eden space 181248K, 47% used [0x00000000eab00000,0x00000000efece910,0x00000000f5c00000)
  from space 47104K, 0% used [0x00000000fd200000,0x00000000fd200000,0x0000000100000000)
  to   space 83968K, 0% used [0x00000000f5c00000,0x00000000f5c00000,0x00000000fae00000)
 ParOldGen       total 215040K, used 156115K [0x00000000c0000000, 0x00000000cd200000, 0x00000000eab00000)
  object space 215040K, 72% used [0x00000000c0000000,0x00000000c9874ce0,0x00000000cd200000)
 Metaspace       used 73356K, capacity 76042K, committed 76336K, reserved 1116160K
  class space    used 9856K, capacity 10443K, committed 10544K, reserved 1048576K
GC Heap History (10 events):
Event: 30.497 GC heap before
{Heap before GC invocations=39 (full 4):
 PSYoungGen      total 307712K, used 277341K [0x00000000eab00000, 0x00000000ffc00000, 0x0000000100000000)
  eden space 270336K, 100% used [0x00000000eab00000,0x00000000fb300000,0x00000000fb300000)
  from space 37376K, 18% used [0x00000000fd780000,0x00000000fde57430,0x00000000ffc00000)
  to   space 37376K, 0% used [0x00000000fb300000,0x00000000fb300000,0x00000000fd780000)
 ParOldGen       total 215040K, used 93302K [0x00000000c0000000, 0x00000000cd200000, 0x00000000eab00000)
  object space 215040K, 43% used [0x00000000c0000000,0x00000000c5b1d968,0x00000000cd200000)
 Metaspace       used 71216K, capacity 73596K, committed 73904K, reserved 1114112K
  class space    used 9571K, capacity 10084K, committed 10160K, reserved 1048576K
Event: 30.553 GC heap after
Heap after GC invocations=39 (full 4):
 PSYoungGen      total 307712K, used 37361K [0x00000000eab00000, 0x0000000100000000, 0x0000000100000000)
  eden space 270336K, 0% used [0x00000000eab00000,0x00000000eab00000,0x00000000fb300000)
  from space 37376K, 99% used [0x00000000fb300000,0x00000000fd77c550,0x00000000fd780000)
  to   space 41472K, 0% used [0x00000000fd780000,0x00000000fd780000,0x0000000100000000)
 ParOldGen       total 215040K, used 104176K [0x00000000c0000000, 0x00000000cd200000, 0x00000000eab00000)
  object space 215040K, 48% used [0x00000000c0000000,0x00000000c65bc2a0,0x00000000cd200000)
 Metaspace       used 71216K, capacity 73596K, committed 73904K, reserved 1114112K
  class space    used 9571K, capacity 10084K, committed 10160K, reserved 1048576K
}
Event: 34.488 GC heap before
{Heap before GC invocations=40 (full 4):
 PSYoungGen      total 307712K, used 307697K [0x00000000eab00000, 0x0000000100000000, 0x0000000100000000)
  eden space 270336K, 100% used [0x00000000eab00000,0x00000000fb300000,0x00000000fb300000)
  from space 37376K, 99% used [0x00000000fb300000,0x00000000fd77c550,0x00000000fd780000)
  to   space 41472K, 0% used [0x00000000fd780000,0x00000000fd780000,0x0000000100000000)
 ParOldGen       total 215040K, used 104176K [0x00000000c0000000, 0x00000000cd200000, 0x00000000eab00000)
  object space 215040K, 48% used [0x00000000c0000000,0x00000000c65bc2a0,0x00000000cd200000)
 Metaspace       used 72162K, capacity 74592K, committed 74800K, reserved 1114112K
  class space    used 9693K, capacity 10224K, committed 10288K, reserved 1048576K
Event: 34.519 GC heap after
Heap after GC invocations=40 (full 4):
 PSYoungGen      total 300544K, used 14859K [0x00000000eab00000, 0x0000000100000000, 0x0000000100000000)
  eden space 259072K, 0% used [0x00000000eab00000,0x00000000eab00000,0x00000000fa800000)
  from space 41472K, 35% used [0x00000000fd780000,0x00000000fe602f68,0x0000000100000000)
  to   space 45056K, 0% used [0x00000000fa800000,0x00000000fa800000,0x00000000fd400000)
 ParOldGen       total 215040K, used 108614K [0x00000000c0000000, 0x00000000cd200000, 0x00000000eab00000)
  object space 215040K, 50% used [0x00000000c0000000,0x00000000c6a11990,0x00000000cd200000)
 Metaspace       used 72162K, capacity 74592K, committed 74800K, reserved 1114112K
  class space    used 9693K, capacity 10224K, committed 10288K, reserved 1048576K
}
Event: 55.082 GC heap before
{Heap before GC invocations=41 (full 4):
 PSYoungGen      total 300544K, used 273846K [0x00000000eab00000, 0x0000000100000000, 0x0000000100000000)
  eden space 259072K, 99% used [0x00000000eab00000,0x00000000fa7ea940,0x00000000fa800000)
  from space 41472K, 35% used [0x00000000fd780000,0x00000000fe602f68,0x0000000100000000)
  to   space 45056K, 0% used [0x00000000fa800000,0x00000000fa800000,0x00000000fd400000)
 ParOldGen       total 215040K, used 108614K [0x00000000c0000000, 0x00000000cd200000, 0x00000000eab00000)
  object space 215040K, 50% used [0x00000000c0000000,0x00000000c6a11990,0x00000000cd200000)
 Metaspace       used 73334K, capacity 76024K, committed 76336K, reserved 1116160K
  class space    used 9854K, capacity 10440K, committed 10544K, reserved 1048576K
Event: 55.132 GC heap after
Heap after GC invocations=41 (full 4):
 PSYoungGen      total 287744K, used 28597K [0x00000000eab00000, 0x0000000100000000, 0x0000000100000000)
  eden space 259072K, 0% used [0x00000000eab00000,0x00000000eab00000,0x00000000fa800000)
  from space 28672K, 99% used [0x00000000fa800000,0x00000000fc3ed728,0x00000000fc400000)
  to   space 47104K, 0% used [0x00000000fd200000,0x00000000fd200000,0x0000000100000000)
 ParOldGen       total 215040K, used 108614K [0x00000000c0000000, 0x00000000cd200000, 0x00000000eab00000)
  object space 215040K, 50% used [0x00000000c0000000,0x00000000c6a11990,0x00000000cd200000)
 Metaspace       used 73334K, capacity 76024K, committed 76336K, reserved 1116160K
  class space    used 9854K, capacity 10440K, committed 10544K, reserved 1048576K
}
Event: 57.150 GC heap before
{Heap before GC invocations=42 (full 4):
 PSYoungGen      total 287744K, used 284291K [0x00000000eab00000, 0x0000000100000000, 0x0000000100000000)
  eden space 259072K, 98% used [0x00000000eab00000,0x00000000fa4b36a8,0x00000000fa800000)
  from space 28672K, 99% used [0x00000000fa800000,0x00000000fc3ed728,0x00000000fc400000)
  to   space 47104K, 0% used [0x00000000fd200000,0x00000000fd200000,0x0000000100000000)
 ParOldGen       total 215040K, used 108614K [0x00000000c0000000, 0x00000000cd200000, 0x00000000eab00000)
  object space 215040K, 50% used [0x00000000c0000000,0x00000000c6a11990,0x00000000cd200000)
 Metaspace       used 73343K, capacity 76038K, committed 76336K, reserved 1116160K
  class space    used 9857K, capacity 10445K, committed 10544K, reserved 1048576K
Event: 57.198 GC heap after
Heap after GC invocations=42 (full 4):
 PSYoungGen      total 228352K, used 47081K [0x00000000eab00000, 0x0000000100000000, 0x0000000100000000)
  eden space 181248K, 0% used [0x00000000eab00000,0x00000000eab00000,0x00000000f5c00000)
  from space 47104K, 99% used [0x00000000fd200000,0x00000000ffffa7d0,0x0000000100000000)
  to   space 83968K, 0% used [0x00000000f5c00000,0x00000000f5c00000,0x00000000fae00000)
 ParOldGen       total 215040K, used 186425K [0x00000000c0000000, 0x00000000cd200000, 0x00000000eab00000)
  object space 215040K, 86% used [0x00000000c0000000,0x00000000cb60e568,0x00000000cd200000)
 Metaspace       used 73343K, capacity 76038K, committed 76336K, reserved 1116160K
  class space    used 9857K, capacity 10445K, committed 10544K, reserved 1048576K
}
Event: 57.198 GC heap before
{Heap before GC invocations=43 (full 5):
 PSYoungGen      total 228352K, used 47081K [0x00000000eab00000, 0x0000000100000000, 0x0000000100000000)
  eden space 181248K, 0% used [0x00000000eab00000,0x00000000eab00000,0x00000000f5c00000)
  from space 47104K, 99% used [0x00000000fd200000,0x00000000ffffa7d0,0x0000000100000000)
  to   space 83968K, 0% used [0x00000000f5c00000,0x00000000f5c00000,0x00000000fae00000)
 ParOldGen       total 215040K, used 186425K [0x00000000c0000000, 0x00000000cd200000, 0x00000000eab00000)
  object space 215040K, 86% used [0x00000000c0000000,0x00000000cb60e568,0x00000000cd200000)
 Metaspace       used 73343K, capacity 76038K, committed 76336K, reserved 1116160K
  class space    used 9857K, capacity 10445K, committed 10544K, reserved 1048576K
Event: 57.316 GC heap after
Heap after GC invocations=43 (full 5):
 PSYoungGen      total 228352K, used 0K [0x00000000eab00000, 0x0000000100000000, 0x0000000100000000)
  eden space 181248K, 0% used [0x00000000eab00000,0x00000000eab00000,0x00000000f5c00000)
  from space 47104K, 0% used [0x00000000fd200000,0x00000000fd200000,0x0000000100000000)
  to   space 83968K, 0% used [0x00000000f5c00000,0x00000000f5c00000,0x00000000fae00000)
 ParOldGen       total 215040K, used 156115K [0x00000000c0000000, 0x00000000cd200000, 0x00000000eab00000)
  object space 215040K, 72% used [0x00000000c0000000,0x00000000c9874ce0,0x00000000cd200000)
 Metaspace       used 73340K, capacity 76034K, committed 76336K, reserved 1116160K
  class space    used 9856K, capacity 10443K, committed 10544K, reserved 1048576K
}

